#
# There is insufficient memory for the Java Runtime Environment to continue.
# Native memory allocation (malloc) failed to allocate 1194736 bytes. Error detail: Chunk::new
# Possible reasons:
#   The system is out of physical RAM or swap space
#   This process is running with CompressedOops enabled, and the Java Heap may be blocking the growth of the native heap
# Possible solutions:
#   Reduce memory load on the system
#   Increase physical memory or swap space
#   Check if swap backing store is full
#   Decrease Java heap size (-Xmx/-Xms)
#   Decrease number of Java threads
#   Decrease Java thread stack sizes (-Xss)
#   Set larger code cache with -XX:ReservedCodeCacheSize=
#   JVM is running with Zero Based Compressed Oops mode in which the Java heap is
#     placed in the first 32GB address space. The Java Heap base address is the
#     maximum limit for the native heap growth. Please use -XX:HeapBaseMinAddress
#     to set the Java Heap base and to place the Java Heap above 32GB virtual address.
# This output file may be truncated or incomplete.
#
#  Out of Memory Error (arena.cpp:150), pid=601148, tid=603804
#
# JRE version: OpenJDK Runtime Environment (22.0.2+9) (build 22.0.2+9-70)
# Java VM: OpenJDK 64-Bit Server VM (22.0.2+9-70, mixed mode, sharing, tiered, compressed oops, compressed class ptrs, g1 gc, windows-amd64)
# No core dump will be written. Minidumps are not enabled by default on client versions of Windows
#

---------------  S U M M A R Y ------------

Command Line: -ea -Didea.test.cyclic.buffer.size=1048576 -javaagent:C:\Program Files\JetBrains\IntelliJ IDEA Community Edition 2024.2.1\lib\idea_rt.jar=62795:C:\Program Files\JetBrains\IntelliJ IDEA Community Edition 2024.2.1\bin -Dfile.encoding=UTF-8 -Dsun.stdout.encoding=UTF-8 -Dsun.stderr.encoding=UTF-8 com.intellij.rt.junit.JUnitStarter -ideVersion5 -junit5 OpenPage.BaggageTest

Host: Intel(R) Xeon(R) CPU E3-1245 v5 @ 3.50GHz, 8 cores, 15G,  Windows 11 , 64 bit Build 22621 (10.0.22621.3958)
Time: Mon Nov 18 09:57:46 2024 RTZ 2 (s 11 , 64 bit Build 22621 (10.0.22621.3958) elapsed time: 1.875685 seconds (0d 0h 0m 1s)

---------------  T H R E A D  ---------------

Current thread (0x0000027bd44440f0):  JavaThread "C2 CompilerThread1" daemon [_thread_in_native, id=603804, stack(0x0000008681200000,0x0000008681300000) (1024K)]


Current CompileTask:
C2:1875 2205       4       java.lang.invoke.MethodType::methodType (69 bytes)

Stack: [0x0000008681200000,0x0000008681300000]
Native frames: (J=compiled Java code, j=interpreted, Vv=VM code, C=native code)
V  [jvm.dll+0x6e26e9]  (no source info available)
V  [jvm.dll+0x875753]  (no source info available)
V  [jvm.dll+0x877b7e]  (no source info available)
V  [jvm.dll+0x878253]  (no source info available)
V  [jvm.dll+0x27fc86]  (no source info available)
V  [jvm.dll+0xc3d0f]  (no source info available)
V  [jvm.dll+0xc3f6b]  (no source info available)
V  [jvm.dll+0x3bb442]  (no source info available)
V  [jvm.dll+0x1df4ac]  (no source info available)
V  [jvm.dll+0x24793c]  (no source info available)
V  [jvm.dll+0x246e9f]  (no source info available)
V  [jvm.dll+0x1c4e80]  (no source info available)
V  [jvm.dll+0x2568f3]  (no source info available)
V  [jvm.dll+0x254baa]  (no source info available)
V  [jvm.dll+0x3f57a6]  (no source info available)
V  [jvm.dll+0x81dc0b]  (no source info available)
V  [jvm.dll+0x6e0d85]  (no source info available)
C  [ucrtbase.dll+0x29333]  (no source info available)
C  [KERNEL32.DLL+0x1257d]  (no source info available)
C  [ntdll.dll+0x5af08]  (no source info available)


---------------  P R O C E S S  ---------------

Threads class SMR info:
_java_thread_list=0x0000027bd67e4ea0, length=15, elements={
0x0000027bea9fc3d0, 0x0000027bfaa755b0, 0x0000027bfaa762d0, 0x0000027bfaa78dd0,
0x0000027bfaa7a840, 0x0000027bfaa7ba40, 0x0000027bfaa7cd70, 0x0000027bfaa820d0,
0x0000027bfaa894e0, 0x0000027bd4216c20, 0x0000027bd43ea730, 0x0000027bd4365500,
0x0000027bd44440f0, 0x0000027bd4570900, 0x0000027bd56b73c0
}

Java Threads: ( => current thread )
  0x0000027bea9fc3d0 JavaThread "main"                              [_thread_in_vm, id=604916, stack(0x00000086fff00000,0x0000008700000000) (1024K)]
  0x0000027bfaa755b0 JavaThread "Reference Handler"          daemon [_thread_blocked, id=580036, stack(0x0000008680700000,0x0000008680800000) (1024K)]
  0x0000027bfaa762d0 JavaThread "Finalizer"                  daemon [_thread_blocked, id=601436, stack(0x0000008680800000,0x0000008680900000) (1024K)]
  0x0000027bfaa78dd0 JavaThread "Signal Dispatcher"          daemon [_thread_blocked, id=603588, stack(0x0000008680900000,0x0000008680a00000) (1024K)]
  0x0000027bfaa7a840 JavaThread "Attach Listener"            daemon [_thread_blocked, id=549392, stack(0x0000008680a00000,0x0000008680b00000) (1024K)]
  0x0000027bfaa7ba40 JavaThread "Service Thread"             daemon [_thread_blocked, id=555088, stack(0x0000008680b00000,0x0000008680c00000) (1024K)]
  0x0000027bfaa7cd70 JavaThread "Monitor Deflation Thread"   daemon [_thread_blocked, id=601716, stack(0x0000008680c00000,0x0000008680d00000) (1024K)]
  0x0000027bfaa820d0 JavaThread "C2 CompilerThread0"         daemon [_thread_in_native, id=604360, stack(0x0000008680d00000,0x0000008680e00000) (1024K)]
  0x0000027bfaa894e0 JavaThread "C1 CompilerThread0"         daemon [_thread_blocked, id=604528, stack(0x0000008680e00000,0x0000008680f00000) (1024K)]
  0x0000027bd4216c20 JavaThread "Common-Cleaner"             daemon [_thread_blocked, id=600972, stack(0x0000008680f00000,0x0000008681000000) (1024K)]
  0x0000027bd43ea730 JavaThread "Monitor Ctrl-Break"         daemon [_thread_in_native, id=604620, stack(0x0000008681000000,0x0000008681100000) (1024K)]
  0x0000027bd4365500 JavaThread "Notification Thread"        daemon [_thread_blocked, id=602192, stack(0x0000008681100000,0x0000008681200000) (1024K)]
=>0x0000027bd44440f0 JavaThread "C2 CompilerThread1"         daemon [_thread_in_native, id=603804, stack(0x0000008681200000,0x0000008681300000) (1024K)]
  0x0000027bd4570900 JavaThread "C2 CompilerThread2"         daemon [_thread_in_native, id=603244, stack(0x0000008681300000,0x0000008681400000) (1024K)]
  0x0000027bd56b73c0 JavaThread "ForkJoinPool.commonPool-worker-1" daemon [_thread_blocked, id=599244, stack(0x0000008681b00000,0x0000008681c00000) (1024K)]
Total: 15

Other Threads:
  0x0000027bfaa59b30 VMThread "VM Thread"                           [id=603336, stack(0x0000008680600000,0x0000008680700000) (1024K)]
  0x0000027bfaa3eae0 WatcherThread "VM Periodic Task Thread"        [id=598904, stack(0x0000008680500000,0x0000008680600000) (1024K)]
  0x0000027beaa62570 WorkerThread "GC Thread#0"                     [id=598196, stack(0x0000008680000000,0x0000008680100000) (1024K)]
  0x0000027bd4cdb170 WorkerThread "GC Thread#1"                     [id=600656, stack(0x0000008681400000,0x0000008681500000) (1024K)]
  0x0000027bd4cb2090 WorkerThread "GC Thread#2"                     [id=600648, stack(0x0000008681500000,0x0000008681600000) (1024K)]
  0x0000027bd4cc3290 WorkerThread "GC Thread#3"                     [id=604732, stack(0x0000008681600000,0x0000008681700000) (1024K)]
  0x0000027bd4cc3640 WorkerThread "GC Thread#4"                     [id=604268, stack(0x0000008681700000,0x0000008681800000) (1024K)]
  0x0000027bd4cc39f0 WorkerThread "GC Thread#5"                     [id=546884, stack(0x0000008681800000,0x0000008681900000) (1024K)]
  0x0000027bd4c92380 WorkerThread "GC Thread#6"                     [id=601652, stack(0x0000008681900000,0x0000008681a00000) (1024K)]
  0x0000027bd4deb180 WorkerThread "GC Thread#7"                     [id=603732, stack(0x0000008681a00000,0x0000008681b00000) (1024K)]
  0x0000027beaa748e0 ConcurrentGCThread "G1 Main Marker"            [id=602544, stack(0x0000008680100000,0x0000008680200000) (1024K)]
  0x0000027beaa75a90 WorkerThread "G1 Conc#0"                       [id=602196, stack(0x0000008680200000,0x0000008680300000) (1024K)]
  0x0000027beaaae910 ConcurrentGCThread "G1 Refine#0"               [id=603372, stack(0x0000008680300000,0x0000008680400000) (1024K)]
  0x0000027bfa9045f0 ConcurrentGCThread "G1 Service"                [id=604684, stack(0x0000008680400000,0x0000008680500000) (1024K)]
Total: 14

Threads with active compile tasks:
C2 CompilerThread0  1929 2226       4       java.lang.invoke.MethodType::makeImpl (109 bytes)
C1 CompilerThread0  1929 2406       3       java.lang.invoke.LambdaFormEditor$TransformKey::of (49 bytes)
C2 CompilerThread1  1929 2205       4       java.lang.invoke.MethodType::methodType (69 bytes)
C2 CompilerThread2  1929 2392       4       java.lang.Class::getPackageName (81 bytes)
Total: 4

VM state: not at safepoint (normal execution)

VM Mutex/Monitor currently owned by a thread:  ([mutex/lock_event])
[0x00007ffc2625b700] MethodCompileQueue_lock - owner thread: 0x0000027bfaa894e0

Heap address: 0x0000000701400000, size: 4076 MB, Compressed Oops mode: Zero based, Oop shift amount: 3

CDS archive(s) mapped at: [0x0000027b8f000000-0x0000027b8fc60000-0x0000027b8fc60000), size 12976128, SharedBaseAddress: 0x0000027b8f000000, ArchiveRelocationMode: 1.
Compressed class space mapped at: 0x0000027b90000000-0x0000027bd0000000, reserved size: 1073741824
Narrow klass base: 0x0000027b8f000000, Narrow klass shift: 0, Narrow klass range: 0x41000000

GC Precious Log:
 CardTable entry size: 512
 Card Set container configuration: InlinePtr #cards 4 size 8 Array Of Cards #cards 16 size 48 Howl #buckets 8 coarsen threshold 3686 Howl Bitmap #cards 512 size 80 coarsen threshold 460 Card regions per heap region 1 cards per card region 4096
 CPUs: 8 total, 8 available
 Memory: 16300M
 Large Page Support: Disabled
 NUMA Support: Disabled
 Compressed Oops: Enabled (Zero based)
 Heap Region Size: 2M
 Heap Min Capacity: 8M
 Heap Initial Capacity: 256M
 Heap Max Capacity: 4076M
 Pre-touch: Disabled
 Parallel Workers: 8
 Concurrent Workers: 2
 Concurrent Refinement Workers: 8
 Periodic GC: Disabled

Heap:
 garbage-first heap   total reserved 4173824K, committed 262144K, used 27770K [0x0000000701400000, 0x0000000800000000)
  region size 2048K, 12 young (24576K), 3 survivors (6144K)
 Metaspace       used 18361K, committed 18752K, reserved 1114112K
  class space    used 2191K, committed 2368K, reserved 1048576K

Heap Regions: E=young(eden), S=young(survivor), O=old, HS=humongous(starts), HC=humongous(continues), CS=collection set, F=free, TAMS=top-at-mark-start, PB=parsable bottom
|   0|0x0000000701400000, 0x0000000701600000, 0x0000000701600000|100%| O|  |TAMS 0x0000000701400000| PB 0x0000000701400000| Untracked |  0
|   1|0x0000000701600000, 0x0000000701800000, 0x0000000701800000|100%| O|  |TAMS 0x0000000701600000| PB 0x0000000701600000| Untracked |  0
|   2|0x0000000701800000, 0x000000070191ebb0, 0x0000000701a00000| 56%| O|  |TAMS 0x0000000701800000| PB 0x0000000701800000| Untracked |  0
|   3|0x0000000701a00000, 0x0000000701a00000, 0x0000000701c00000|  0%| F|  |TAMS 0x0000000701a00000| PB 0x0000000701a00000| Untracked |  0
|   4|0x0000000701c00000, 0x0000000701c00000, 0x0000000701e00000|  0%| F|  |TAMS 0x0000000701c00000| PB 0x0000000701c00000| Untracked |  0
|   5|0x0000000701e00000, 0x0000000701e00000, 0x0000000702000000|  0%| F|  |TAMS 0x0000000701e00000| PB 0x0000000701e00000| Untracked |  0
|   6|0x0000000702000000, 0x0000000702000000, 0x0000000702200000|  0%| F|  |TAMS 0x0000000702000000| PB 0x0000000702000000| Untracked |  0
|   7|0x0000000702200000, 0x0000000702200000, 0x0000000702400000|  0%| F|  |TAMS 0x0000000702200000| PB 0x0000000702200000| Untracked |  0
|   8|0x0000000702400000, 0x0000000702400000, 0x0000000702600000|  0%| F|  |TAMS 0x0000000702400000| PB 0x0000000702400000| Untracked |  0
|   9|0x0000000702600000, 0x0000000702600000, 0x0000000702800000|  0%| F|  |TAMS 0x0000000702600000| PB 0x0000000702600000| Untracked |  0
|  10|0x0000000702800000, 0x0000000702800000, 0x0000000702a00000|  0%| F|  |TAMS 0x0000000702800000| PB 0x0000000702800000| Untracked |  0
|  11|0x0000000702a00000, 0x0000000702a00000, 0x0000000702c00000|  0%| F|  |TAMS 0x0000000702a00000| PB 0x0000000702a00000| Untracked |  0
|  12|0x0000000702c00000, 0x0000000702c00000, 0x0000000702e00000|  0%| F|  |TAMS 0x0000000702c00000| PB 0x0000000702c00000| Untracked |  0
|  13|0x0000000702e00000, 0x0000000702e00000, 0x0000000703000000|  0%| F|  |TAMS 0x0000000702e00000| PB 0x0000000702e00000| Untracked |  0
|  14|0x0000000703000000, 0x0000000703000000, 0x0000000703200000|  0%| F|  |TAMS 0x0000000703000000| PB 0x0000000703000000| Untracked |  0
|  15|0x0000000703200000, 0x0000000703200000, 0x0000000703400000|  0%| F|  |TAMS 0x0000000703200000| PB 0x0000000703200000| Untracked |  0
|  16|0x0000000703400000, 0x0000000703400000, 0x0000000703600000|  0%| F|  |TAMS 0x0000000703400000| PB 0x0000000703400000| Untracked |  0
|  17|0x0000000703600000, 0x0000000703600000, 0x0000000703800000|  0%| F|  |TAMS 0x0000000703600000| PB 0x0000000703600000| Untracked |  0
|  18|0x0000000703800000, 0x0000000703800000, 0x0000000703a00000|  0%| F|  |TAMS 0x0000000703800000| PB 0x0000000703800000| Untracked |  0
|  19|0x0000000703a00000, 0x0000000703a00000, 0x0000000703c00000|  0%| F|  |TAMS 0x0000000703a00000| PB 0x0000000703a00000| Untracked |  0
|  20|0x0000000703c00000, 0x0000000703c00000, 0x0000000703e00000|  0%| F|  |TAMS 0x0000000703c00000| PB 0x0000000703c00000| Untracked |  0
|  21|0x0000000703e00000, 0x0000000703e00000, 0x0000000704000000|  0%| F|  |TAMS 0x0000000703e00000| PB 0x0000000703e00000| Untracked |  0
|  22|0x0000000704000000, 0x0000000704000000, 0x0000000704200000|  0%| F|  |TAMS 0x0000000704000000| PB 0x0000000704000000| Untracked |  0
|  23|0x0000000704200000, 0x0000000704200000, 0x0000000704400000|  0%| F|  |TAMS 0x0000000704200000| PB 0x0000000704200000| Untracked |  0
|  24|0x0000000704400000, 0x0000000704400000, 0x0000000704600000|  0%| F|  |TAMS 0x0000000704400000| PB 0x0000000704400000| Untracked |  0
|  25|0x0000000704600000, 0x0000000704600000, 0x0000000704800000|  0%| F|  |TAMS 0x0000000704600000| PB 0x0000000704600000| Untracked |  0
|  26|0x0000000704800000, 0x0000000704800000, 0x0000000704a00000|  0%| F|  |TAMS 0x0000000704800000| PB 0x0000000704800000| Untracked |  0
|  27|0x0000000704a00000, 0x0000000704a00000, 0x0000000704c00000|  0%| F|  |TAMS 0x0000000704a00000| PB 0x0000000704a00000| Untracked |  0
|  28|0x0000000704c00000, 0x0000000704c00000, 0x0000000704e00000|  0%| F|  |TAMS 0x0000000704c00000| PB 0x0000000704c00000| Untracked |  0
|  29|0x0000000704e00000, 0x0000000704e00000, 0x0000000705000000|  0%| F|  |TAMS 0x0000000704e00000| PB 0x0000000704e00000| Untracked |  0
|  30|0x0000000705000000, 0x0000000705000000, 0x0000000705200000|  0%| F|  |TAMS 0x0000000705000000| PB 0x0000000705000000| Untracked |  0
|  31|0x0000000705200000, 0x0000000705200000, 0x0000000705400000|  0%| F|  |TAMS 0x0000000705200000| PB 0x0000000705200000| Untracked |  0
|  32|0x0000000705400000, 0x0000000705400000, 0x0000000705600000|  0%| F|  |TAMS 0x0000000705400000| PB 0x0000000705400000| Untracked |  0
|  33|0x0000000705600000, 0x0000000705600000, 0x0000000705800000|  0%| F|  |TAMS 0x0000000705600000| PB 0x0000000705600000| Untracked |  0
|  34|0x0000000705800000, 0x0000000705800000, 0x0000000705a00000|  0%| F|  |TAMS 0x0000000705800000| PB 0x0000000705800000| Untracked |  0
|  35|0x0000000705a00000, 0x0000000705a00000, 0x0000000705c00000|  0%| F|  |TAMS 0x0000000705a00000| PB 0x0000000705a00000| Untracked |  0
|  36|0x0000000705c00000, 0x0000000705c00000, 0x0000000705e00000|  0%| F|  |TAMS 0x0000000705c00000| PB 0x0000000705c00000| Untracked |  0
|  37|0x0000000705e00000, 0x0000000705e00000, 0x0000000706000000|  0%| F|  |TAMS 0x0000000705e00000| PB 0x0000000705e00000| Untracked |  0
|  38|0x0000000706000000, 0x0000000706000000, 0x0000000706200000|  0%| F|  |TAMS 0x0000000706000000| PB 0x0000000706000000| Untracked |  0
|  39|0x0000000706200000, 0x0000000706200000, 0x0000000706400000|  0%| F|  |TAMS 0x0000000706200000| PB 0x0000000706200000| Untracked |  0
|  40|0x0000000706400000, 0x0000000706400000, 0x0000000706600000|  0%| F|  |TAMS 0x0000000706400000| PB 0x0000000706400000| Untracked |  0
|  41|0x0000000706600000, 0x0000000706600000, 0x0000000706800000|  0%| F|  |TAMS 0x0000000706600000| PB 0x0000000706600000| Untracked |  0
|  42|0x0000000706800000, 0x0000000706800000, 0x0000000706a00000|  0%| F|  |TAMS 0x0000000706800000| PB 0x0000000706800000| Untracked |  0
|  43|0x0000000706a00000, 0x0000000706a00000, 0x0000000706c00000|  0%| F|  |TAMS 0x0000000706a00000| PB 0x0000000706a00000| Untracked |  0
|  44|0x0000000706c00000, 0x0000000706c00000, 0x0000000706e00000|  0%| F|  |TAMS 0x0000000706c00000| PB 0x0000000706c00000| Untracked |  0
|  45|0x0000000706e00000, 0x0000000706e00000, 0x0000000707000000|  0%| F|  |TAMS 0x0000000706e00000| PB 0x0000000706e00000| Untracked |  0
|  46|0x0000000707000000, 0x0000000707000000, 0x0000000707200000|  0%| F|  |TAMS 0x0000000707000000| PB 0x0000000707000000| Untracked |  0
|  47|0x0000000707200000, 0x0000000707200000, 0x0000000707400000|  0%| F|  |TAMS 0x0000000707200000| PB 0x0000000707200000| Untracked |  0
|  48|0x0000000707400000, 0x0000000707400000, 0x0000000707600000|  0%| F|  |TAMS 0x0000000707400000| PB 0x0000000707400000| Untracked |  0
|  49|0x0000000707600000, 0x0000000707600000, 0x0000000707800000|  0%| F|  |TAMS 0x0000000707600000| PB 0x0000000707600000| Untracked |  0
|  50|0x0000000707800000, 0x0000000707800000, 0x0000000707a00000|  0%| F|  |TAMS 0x0000000707800000| PB 0x0000000707800000| Untracked |  0
|  51|0x0000000707a00000, 0x0000000707a00000, 0x0000000707c00000|  0%| F|  |TAMS 0x0000000707a00000| PB 0x0000000707a00000| Untracked |  0
|  52|0x0000000707c00000, 0x0000000707c00000, 0x0000000707e00000|  0%| F|  |TAMS 0x0000000707c00000| PB 0x0000000707c00000| Untracked |  0
|  53|0x0000000707e00000, 0x0000000707e00000, 0x0000000708000000|  0%| F|  |TAMS 0x0000000707e00000| PB 0x0000000707e00000| Untracked |  0
|  54|0x0000000708000000, 0x0000000708000000, 0x0000000708200000|  0%| F|  |TAMS 0x0000000708000000| PB 0x0000000708000000| Untracked |  0
|  55|0x0000000708200000, 0x0000000708200000, 0x0000000708400000|  0%| F|  |TAMS 0x0000000708200000| PB 0x0000000708200000| Untracked |  0
|  56|0x0000000708400000, 0x0000000708400000, 0x0000000708600000|  0%| F|  |TAMS 0x0000000708400000| PB 0x0000000708400000| Untracked |  0
|  57|0x0000000708600000, 0x0000000708600000, 0x0000000708800000|  0%| F|  |TAMS 0x0000000708600000| PB 0x0000000708600000| Untracked |  0
|  58|0x0000000708800000, 0x0000000708800000, 0x0000000708a00000|  0%| F|  |TAMS 0x0000000708800000| PB 0x0000000708800000| Untracked |  0
|  59|0x0000000708a00000, 0x0000000708a00000, 0x0000000708c00000|  0%| F|  |TAMS 0x0000000708a00000| PB 0x0000000708a00000| Untracked |  0
|  60|0x0000000708c00000, 0x0000000708c00000, 0x0000000708e00000|  0%| F|  |TAMS 0x0000000708c00000| PB 0x0000000708c00000| Untracked |  0
|  61|0x0000000708e00000, 0x0000000708e00000, 0x0000000709000000|  0%| F|  |TAMS 0x0000000708e00000| PB 0x0000000708e00000| Untracked |  0
|  62|0x0000000709000000, 0x0000000709000000, 0x0000000709200000|  0%| F|  |TAMS 0x0000000709000000| PB 0x0000000709000000| Untracked |  0
|  63|0x0000000709200000, 0x0000000709200000, 0x0000000709400000|  0%| F|  |TAMS 0x0000000709200000| PB 0x0000000709200000| Untracked |  0
|  64|0x0000000709400000, 0x0000000709400000, 0x0000000709600000|  0%| F|  |TAMS 0x0000000709400000| PB 0x0000000709400000| Untracked |  0
|  65|0x0000000709600000, 0x0000000709600000, 0x0000000709800000|  0%| F|  |TAMS 0x0000000709600000| PB 0x0000000709600000| Untracked |  0
|  66|0x0000000709800000, 0x0000000709800000, 0x0000000709a00000|  0%| F|  |TAMS 0x0000000709800000| PB 0x0000000709800000| Untracked |  0
|  67|0x0000000709a00000, 0x0000000709a00000, 0x0000000709c00000|  0%| F|  |TAMS 0x0000000709a00000| PB 0x0000000709a00000| Untracked |  0
|  68|0x0000000709c00000, 0x0000000709c00000, 0x0000000709e00000|  0%| F|  |TAMS 0x0000000709c00000| PB 0x0000000709c00000| Untracked |  0
|  69|0x0000000709e00000, 0x0000000709e00000, 0x000000070a000000|  0%| F|  |TAMS 0x0000000709e00000| PB 0x0000000709e00000| Untracked |  0
|  70|0x000000070a000000, 0x000000070a000000, 0x000000070a200000|  0%| F|  |TAMS 0x000000070a000000| PB 0x000000070a000000| Untracked |  0
|  71|0x000000070a200000, 0x000000070a200000, 0x000000070a400000|  0%| F|  |TAMS 0x000000070a200000| PB 0x000000070a200000| Untracked |  0
|  72|0x000000070a400000, 0x000000070a400000, 0x000000070a600000|  0%| F|  |TAMS 0x000000070a400000| PB 0x000000070a400000| Untracked |  0
|  73|0x000000070a600000, 0x000000070a600000, 0x000000070a800000|  0%| F|  |TAMS 0x000000070a600000| PB 0x000000070a600000| Untracked |  0
|  74|0x000000070a800000, 0x000000070a800000, 0x000000070aa00000|  0%| F|  |TAMS 0x000000070a800000| PB 0x000000070a800000| Untracked |  0
|  75|0x000000070aa00000, 0x000000070aa00000, 0x000000070ac00000|  0%| F|  |TAMS 0x000000070aa00000| PB 0x000000070aa00000| Untracked |  0
|  76|0x000000070ac00000, 0x000000070ac00000, 0x000000070ae00000|  0%| F|  |TAMS 0x000000070ac00000| PB 0x000000070ac00000| Untracked |  0
|  77|0x000000070ae00000, 0x000000070ae00000, 0x000000070b000000|  0%| F|  |TAMS 0x000000070ae00000| PB 0x000000070ae00000| Untracked |  0
|  78|0x000000070b000000, 0x000000070b000000, 0x000000070b200000|  0%| F|  |TAMS 0x000000070b000000| PB 0x000000070b000000| Untracked |  0
|  79|0x000000070b200000, 0x000000070b200000, 0x000000070b400000|  0%| F|  |TAMS 0x000000070b200000| PB 0x000000070b200000| Untracked |  0
|  80|0x000000070b400000, 0x000000070b400000, 0x000000070b600000|  0%| F|  |TAMS 0x000000070b400000| PB 0x000000070b400000| Untracked |  0
|  81|0x000000070b600000, 0x000000070b600000, 0x000000070b800000|  0%| F|  |TAMS 0x000000070b600000| PB 0x000000070b600000| Untracked |  0
|  82|0x000000070b800000, 0x000000070b800000, 0x000000070ba00000|  0%| F|  |TAMS 0x000000070b800000| PB 0x000000070b800000| Untracked |  0
|  83|0x000000070ba00000, 0x000000070ba00000, 0x000000070bc00000|  0%| F|  |TAMS 0x000000070ba00000| PB 0x000000070ba00000| Untracked |  0
|  84|0x000000070bc00000, 0x000000070bc00000, 0x000000070be00000|  0%| F|  |TAMS 0x000000070bc00000| PB 0x000000070bc00000| Untracked |  0
|  85|0x000000070be00000, 0x000000070be00000, 0x000000070c000000|  0%| F|  |TAMS 0x000000070be00000| PB 0x000000070be00000| Untracked |  0
|  86|0x000000070c000000, 0x000000070c000000, 0x000000070c200000|  0%| F|  |TAMS 0x000000070c000000| PB 0x000000070c000000| Untracked |  0
|  87|0x000000070c200000, 0x000000070c200000, 0x000000070c400000|  0%| F|  |TAMS 0x000000070c200000| PB 0x000000070c200000| Untracked |  0
|  88|0x000000070c400000, 0x000000070c400000, 0x000000070c600000|  0%| F|  |TAMS 0x000000070c400000| PB 0x000000070c400000| Untracked |  0
|  89|0x000000070c600000, 0x000000070c600000, 0x000000070c800000|  0%| F|  |TAMS 0x000000070c600000| PB 0x000000070c600000| Untracked |  0
|  90|0x000000070c800000, 0x000000070c800000, 0x000000070ca00000|  0%| F|  |TAMS 0x000000070c800000| PB 0x000000070c800000| Untracked |  0
|  91|0x000000070ca00000, 0x000000070ca00000, 0x000000070cc00000|  0%| F|  |TAMS 0x000000070ca00000| PB 0x000000070ca00000| Untracked |  0
|  92|0x000000070cc00000, 0x000000070cc00000, 0x000000070ce00000|  0%| F|  |TAMS 0x000000070cc00000| PB 0x000000070cc00000| Untracked |  0
|  93|0x000000070ce00000, 0x000000070ce00000, 0x000000070d000000|  0%| F|  |TAMS 0x000000070ce00000| PB 0x000000070ce00000| Untracked |  0
|  94|0x000000070d000000, 0x000000070d000000, 0x000000070d200000|  0%| F|  |TAMS 0x000000070d000000| PB 0x000000070d000000| Untracked |  0
|  95|0x000000070d200000, 0x000000070d200000, 0x000000070d400000|  0%| F|  |TAMS 0x000000070d200000| PB 0x000000070d200000| Untracked |  0
|  96|0x000000070d400000, 0x000000070d400000, 0x000000070d600000|  0%| F|  |TAMS 0x000000070d400000| PB 0x000000070d400000| Untracked |  0
|  97|0x000000070d600000, 0x000000070d600000, 0x000000070d800000|  0%| F|  |TAMS 0x000000070d600000| PB 0x000000070d600000| Untracked |  0
|  98|0x000000070d800000, 0x000000070d800000, 0x000000070da00000|  0%| F|  |TAMS 0x000000070d800000| PB 0x000000070d800000| Untracked |  0
|  99|0x000000070da00000, 0x000000070da00000, 0x000000070dc00000|  0%| F|  |TAMS 0x000000070da00000| PB 0x000000070da00000| Untracked |  0
| 100|0x000000070dc00000, 0x000000070dc00000, 0x000000070de00000|  0%| F|  |TAMS 0x000000070dc00000| PB 0x000000070dc00000| Untracked |  0
| 101|0x000000070de00000, 0x000000070de00000, 0x000000070e000000|  0%| F|  |TAMS 0x000000070de00000| PB 0x000000070de00000| Untracked |  0
| 102|0x000000070e000000, 0x000000070e000000, 0x000000070e200000|  0%| F|  |TAMS 0x000000070e000000| PB 0x000000070e000000| Untracked |  0
| 103|0x000000070e200000, 0x000000070e200000, 0x000000070e400000|  0%| F|  |TAMS 0x000000070e200000| PB 0x000000070e200000| Untracked |  0
| 104|0x000000070e400000, 0x000000070e400000, 0x000000070e600000|  0%| F|  |TAMS 0x000000070e400000| PB 0x000000070e400000| Untracked |  0
| 105|0x000000070e600000, 0x000000070e800000, 0x000000070e800000|100%| S|CS|TAMS 0x000000070e600000| PB 0x000000070e600000| Complete |  0
| 106|0x000000070e800000, 0x000000070ea00000, 0x000000070ea00000|100%| S|CS|TAMS 0x000000070e800000| PB 0x000000070e800000| Complete |  0
| 107|0x000000070ea00000, 0x000000070ec00000, 0x000000070ec00000|100%| S|CS|TAMS 0x000000070ea00000| PB 0x000000070ea00000| Complete |  0
| 108|0x000000070ec00000, 0x000000070ec00000, 0x000000070ee00000|  0%| F|  |TAMS 0x000000070ec00000| PB 0x000000070ec00000| Untracked |  0
| 109|0x000000070ee00000, 0x000000070ee00000, 0x000000070f000000|  0%| F|  |TAMS 0x000000070ee00000| PB 0x000000070ee00000| Untracked |  0
| 110|0x000000070f000000, 0x000000070f000000, 0x000000070f200000|  0%| F|  |TAMS 0x000000070f000000| PB 0x000000070f000000| Untracked |  0
| 111|0x000000070f200000, 0x000000070f200000, 0x000000070f400000|  0%| F|  |TAMS 0x000000070f200000| PB 0x000000070f200000| Untracked |  0
| 112|0x000000070f400000, 0x000000070f400000, 0x000000070f600000|  0%| F|  |TAMS 0x000000070f400000| PB 0x000000070f400000| Untracked |  0
| 113|0x000000070f600000, 0x000000070f600000, 0x000000070f800000|  0%| F|  |TAMS 0x000000070f600000| PB 0x000000070f600000| Untracked |  0
| 114|0x000000070f800000, 0x000000070f800000, 0x000000070fa00000|  0%| F|  |TAMS 0x000000070f800000| PB 0x000000070f800000| Untracked |  0
| 115|0x000000070fa00000, 0x000000070fa00000, 0x000000070fc00000|  0%| F|  |TAMS 0x000000070fa00000| PB 0x000000070fa00000| Untracked |  0
| 116|0x000000070fc00000, 0x000000070fc00000, 0x000000070fe00000|  0%| F|  |TAMS 0x000000070fc00000| PB 0x000000070fc00000| Untracked |  0
| 117|0x000000070fe00000, 0x000000070fe00000, 0x0000000710000000|  0%| F|  |TAMS 0x000000070fe00000| PB 0x000000070fe00000| Untracked |  0
| 118|0x0000000710000000, 0x0000000710000000, 0x0000000710200000|  0%| F|  |TAMS 0x0000000710000000| PB 0x0000000710000000| Untracked |  0
| 119|0x0000000710200000, 0x00000007103f5398, 0x0000000710400000| 97%| E|  |TAMS 0x0000000710200000| PB 0x0000000710200000| Complete |  0
| 120|0x0000000710400000, 0x0000000710600000, 0x0000000710600000|100%| E|CS|TAMS 0x0000000710400000| PB 0x0000000710400000| Complete |  0
| 121|0x0000000710600000, 0x0000000710800000, 0x0000000710800000|100%| E|CS|TAMS 0x0000000710600000| PB 0x0000000710600000| Complete |  0
| 122|0x0000000710800000, 0x0000000710a00000, 0x0000000710a00000|100%| E|CS|TAMS 0x0000000710800000| PB 0x0000000710800000| Complete |  0
| 123|0x0000000710a00000, 0x0000000710c00000, 0x0000000710c00000|100%| E|CS|TAMS 0x0000000710a00000| PB 0x0000000710a00000| Complete |  0
| 124|0x0000000710c00000, 0x0000000710e00000, 0x0000000710e00000|100%| E|CS|TAMS 0x0000000710c00000| PB 0x0000000710c00000| Complete |  0
| 125|0x0000000710e00000, 0x0000000711000000, 0x0000000711000000|100%| E|CS|TAMS 0x0000000710e00000| PB 0x0000000710e00000| Complete |  0
| 126|0x0000000711000000, 0x0000000711200000, 0x0000000711200000|100%| E|CS|TAMS 0x0000000711000000| PB 0x0000000711000000| Complete |  0
| 127|0x0000000711200000, 0x0000000711400000, 0x0000000711400000|100%| E|CS|TAMS 0x0000000711200000| PB 0x0000000711200000| Complete |  0

Card table byte_map: [0x0000027bf3870000,0x0000027bf4070000] _byte_map_base: 0x0000027bf0066000

Marking Bits: (CMBitMap*) 0x0000027beaa62b80
 Bits: [0x0000027bf4070000, 0x0000027bf8020000)

Polling page: 0x0000027be8920000

Metaspace:

Usage:
  Non-class:     15.84 MB used.
      Class:      2.14 MB used.
       Both:     17.98 MB used.

Virtual space:
  Non-class space:       64.00 MB reserved,      16.06 MB ( 25%) committed,  1 nodes.
      Class space:        1.00 GB reserved,       2.31 MB ( <1%) committed,  1 nodes.
             Both:        1.06 GB reserved,      18.38 MB (  2%) committed. 

Chunk freelists:
   Non-Class:  15.86 MB
       Class:  13.73 MB
        Both:  29.59 MB

MaxMetaspaceSize: unlimited
CompressedClassSpaceSize: 1.00 GB
Initial GC threshold: 21.00 MB
Current GC threshold: 21.00 MB
CDS: on
 - commit_granule_bytes: 65536.
 - commit_granule_words: 8192.
 - virtual_space_node_default_size: 8388608.
 - enlarge_chunks_in_place: 1.
 - use_allocation_guard: 0.


Internal statistics:

num_allocs_failed_limit: 0.
num_arena_births: 294.
num_arena_deaths: 0.
num_vsnodes_births: 2.
num_vsnodes_deaths: 0.
num_space_committed: 294.
num_space_uncommitted: 0.
num_chunks_returned_to_freelist: 0.
num_chunks_taken_from_freelist: 799.
num_chunk_merges: 0.
num_chunk_splits: 514.
num_chunks_enlarged: 366.
num_inconsistent_stats: 0.

CodeHeap 'non-profiled nmethods': size=120000Kb used=1033Kb max_used=1033Kb free=118966Kb
 bounds [0x0000027b87ad0000, 0x0000027b87d40000, 0x0000027b8f000000]
CodeHeap 'profiled nmethods': size=120000Kb used=4689Kb max_used=4689Kb free=115310Kb
 bounds [0x0000027b80000000, 0x0000027b804a0000, 0x0000027b87530000]
CodeHeap 'non-nmethods': size=5760Kb used=1477Kb max_used=1494Kb free=4282Kb
 bounds [0x0000027b87530000, 0x0000027b877a0000, 0x0000027b87ad0000]
 total_blobs=2956 nmethods=2404 adapters=455
 compilation: enabled
              stopped_count=0, restarted_count=0
 full_count=0

Compilation events (20 events):
Event: 1.845 Thread 0x0000027bfaa894e0 2363       3       java.lang.invoke.InvokerBytecodeGenerator::generateCustomizedCode (34 bytes)
Event: 1.846 Thread 0x0000027bfaa894e0 nmethod 2363 0x0000027b80478d90 code [0x0000027b80478f80, 0x0000027b80479240]
Event: 1.846 Thread 0x0000027bfaa894e0 2364       3       java.lang.invoke.InvokerBytecodeGenerator::lookupPregenerated (294 bytes)
Event: 1.847 Thread 0x0000027bfaa894e0 nmethod 2364 0x0000027b80479390 code [0x0000027b80479720, 0x0000027b8047ac20]
Event: 1.848 Thread 0x0000027bfaa894e0 2371       3       java.lang.invoke.LambdaForm$Name::<init> (19 bytes)
Event: 1.849 Thread 0x0000027bfaa894e0 nmethod 2371 0x0000027b8047b290 code [0x0000027b8047b4c0, 0x0000027b8047bd38]
Event: 1.849 Thread 0x0000027bfaa894e0 2374       3       java.lang.invoke.LambdaFormEditor$TransformKey::packedBytes (30 bytes)
Event: 1.849 Thread 0x0000027bfaa894e0 nmethod 2374 0x0000027b8047c090 code [0x0000027b8047c220, 0x0000027b8047c328]
Event: 1.850 Thread 0x0000027bfaa894e0 2377       3       jdk.internal.misc.Unsafe::getIntUnaligned (12 bytes)
Event: 1.850 Thread 0x0000027bfaa894e0 nmethod 2377 0x0000027b8047c390 code [0x0000027b8047c540, 0x0000027b8047c798]
Event: 1.851 Thread 0x0000027bfaa894e0 2378       3       jdk.internal.org.objectweb.asm.MethodVisitor::visitFieldInsn (20 bytes)
Event: 1.852 Thread 0x0000027bfaa894e0 nmethod 2378 0x0000027b8047c890 code [0x0000027b8047ca40, 0x0000027b8047cc48]
Event: 1.867 Thread 0x0000027bfaa894e0 2379       3       java.util.concurrent.locks.AbstractQueuedSynchronizer::<init> (5 bytes)
Event: 1.868 Thread 0x0000027bfaa894e0 nmethod 2379 0x0000027b8047cd10 code [0x0000027b8047cec0, 0x0000027b8047d088]
Event: 1.868 Thread 0x0000027bfaa894e0 2380       3       java.util.concurrent.locks.AbstractOwnableSynchronizer::<init> (5 bytes)
Event: 1.868 Thread 0x0000027bfaa894e0 nmethod 2380 0x0000027b8047d190 code [0x0000027b8047d320, 0x0000027b8047d488]
Event: 1.868 Thread 0x0000027bfaa894e0 2381       3       sun.security.jca.ProviderList$ServiceList::tryGet (304 bytes)
Event: 1.869 Thread 0x0000027bfaa894e0 nmethod 2381 0x0000027b8047d590 code [0x0000027b8047d8e0, 0x0000027b8047ee58]
Event: 1.871 Thread 0x0000027bfaa894e0 2382       3       jdk.internal.misc.Unsafe::ensureClassInitialized (18 bytes)
Event: 1.871 Thread 0x0000027bfaa894e0 nmethod 2382 0x0000027b8047f590 code [0x0000027b8047f740, 0x0000027b8047f978]

GC Heap History (4 events):
Event: 0.638 GC heap before
{Heap before GC invocations=0 (full 0):
 garbage-first heap   total reserved 4173824K, committed 262144K, used 22528K [0x0000000701400000, 0x0000000800000000)
  region size 2048K, 12 young (24576K), 0 survivors (0K)
 Metaspace       used 5447K, committed 5568K, reserved 1114112K
  class space    used 525K, committed 576K, reserved 1048576K
}
Event: 0.643 GC heap after
{Heap after GC invocations=1 (full 0):
 garbage-first heap   total reserved 4173824K, committed 262144K, used 4903K [0x0000000701400000, 0x0000000800000000)
  region size 2048K, 2 young (4096K), 2 survivors (4096K)
 Metaspace       used 5447K, committed 5568K, reserved 1114112K
  class space    used 525K, committed 576K, reserved 1048576K
}
Event: 1.497 GC heap before
{Heap before GC invocations=1 (full 0):
 garbage-first heap   total reserved 4173824K, committed 262144K, used 41767K [0x0000000701400000, 0x0000000800000000)
  region size 2048K, 20 young (40960K), 2 survivors (4096K)
 Metaspace       used 13664K, committed 13824K, reserved 1114112K
  class space    used 1551K, committed 1600K, reserved 1048576K
}
Event: 1.505 GC heap after
{Heap after GC invocations=2 (full 0):
 garbage-first heap   total reserved 4173824K, committed 262144K, used 11386K [0x0000000701400000, 0x0000000800000000)
  region size 2048K, 3 young (6144K), 3 survivors (6144K)
 Metaspace       used 13664K, committed 13824K, reserved 1114112K
  class space    used 1551K, committed 1600K, reserved 1048576K
}

Dll operation events (13 events):
Event: 0.011 Loaded shared library C:\Users\Vitaliy\.jdks\openjdk-22.0.2\bin\java.dll
Event: 0.042 Loaded shared library C:\Users\Vitaliy\.jdks\openjdk-22.0.2\bin\jsvml.dll
Event: 0.149 Loaded shared library C:\Users\Vitaliy\.jdks\openjdk-22.0.2\bin\zip.dll
Event: 0.153 Loaded shared library C:\Users\Vitaliy\.jdks\openjdk-22.0.2\bin\instrument.dll
Event: 0.157 Loaded shared library C:\Users\Vitaliy\.jdks\openjdk-22.0.2\bin\net.dll
Event: 0.159 Loaded shared library C:\Users\Vitaliy\.jdks\openjdk-22.0.2\bin\nio.dll
Event: 0.164 Loaded shared library C:\Users\Vitaliy\.jdks\openjdk-22.0.2\bin\zip.dll
Event: 0.172 Loaded shared library C:\Program Files\JetBrains\IntelliJ IDEA Community Edition 2024.2.1\bin\breakgen64.dll
Event: 0.182 Loaded shared library C:\Users\Vitaliy\.jdks\openjdk-22.0.2\bin\extnet.dll
Event: 0.272 Loaded shared library C:\Users\Vitaliy\.jdks\openjdk-22.0.2\bin\jimage.dll
Event: 1.307 Loaded shared library C:\Users\Vitaliy\.jdks\openjdk-22.0.2\bin\verify.dll
Event: 1.607 Loaded shared library C:\Users\Vitaliy\.jdks\openjdk-22.0.2\bin\management.dll
Event: 1.609 Loaded shared library C:\Users\Vitaliy\.jdks\openjdk-22.0.2\bin\management_ext.dll

Deoptimization events (20 events):
Event: 1.688 Thread 0x0000027bea9fc3d0 Uncommon trap: trap_request=0xffffff45 fr.pc=0x0000027b87b375e0 relative=0x0000000000000340
Event: 1.688 Thread 0x0000027bea9fc3d0 Uncommon trap: reason=unstable_if action=reinterpret pc=0x0000027b87b375e0 method=jdk.internal.org.objectweb.asm.SymbolTable.put(Ljdk/internal/org/objectweb/asm/SymbolTable$Entry;)Ljdk/internal/org/objectweb/asm/SymbolTable$Entry; @ 13 c2
Event: 1.688 Thread 0x0000027bea9fc3d0 DEOPT PACKING pc=0x0000027b87b375e0 sp=0x00000086ffffbe70
Event: 1.688 Thread 0x0000027bea9fc3d0 DEOPT UNPACKING pc=0x0000027b875846a2 sp=0x00000086ffffbe00 mode 2
Event: 1.719 Thread 0x0000027bea9fc3d0 DEOPT PACKING pc=0x0000027b80366c5a sp=0x00000086ffff7c90
Event: 1.719 Thread 0x0000027bea9fc3d0 DEOPT UNPACKING pc=0x0000027b87584e42 sp=0x00000086ffff71a0 mode 0
Event: 1.729 Thread 0x0000027bea9fc3d0 DEOPT PACKING pc=0x0000027b80366c39 sp=0x00000086ffffab00
Event: 1.729 Thread 0x0000027bea9fc3d0 DEOPT UNPACKING pc=0x0000027b87584e42 sp=0x00000086ffffa010 mode 0
Event: 1.741 Thread 0x0000027bea9fc3d0 DEOPT PACKING pc=0x0000027b802bf0ef sp=0x00000086ffff7fa0
Event: 1.741 Thread 0x0000027bea9fc3d0 DEOPT UNPACKING pc=0x0000027b87584e42 sp=0x00000086ffff7488 mode 0
Event: 1.809 Thread 0x0000027bea9fc3d0 DEOPT PACKING pc=0x0000027b80366c5a sp=0x00000086ffff9610
Event: 1.809 Thread 0x0000027bea9fc3d0 DEOPT UNPACKING pc=0x0000027b87584e42 sp=0x00000086ffff8b20 mode 0
Event: 1.827 Thread 0x0000027bea9fc3d0 Uncommon trap: trap_request=0xffffff45 fr.pc=0x0000027b87bc0924 relative=0x0000000000000c24
Event: 1.827 Thread 0x0000027bea9fc3d0 Uncommon trap: reason=unstable_if action=reinterpret pc=0x0000027b87bc0924 method=jdk.internal.org.objectweb.asm.Frame.execute(IILjdk/internal/org/objectweb/asm/Symbol;Ljdk/internal/org/objectweb/asm/SymbolTable;)V @ 1 c2
Event: 1.827 Thread 0x0000027bea9fc3d0 DEOPT PACKING pc=0x0000027b87bc0924 sp=0x00000086ffff9800
Event: 1.827 Thread 0x0000027bea9fc3d0 DEOPT UNPACKING pc=0x0000027b875846a2 sp=0x00000086ffff9768 mode 2
Event: 1.839 Thread 0x0000027bea9fc3d0 Uncommon trap: trap_request=0xffffff45 fr.pc=0x0000027b87b34330 relative=0x0000000000000110
Event: 1.839 Thread 0x0000027bea9fc3d0 Uncommon trap: reason=unstable_if action=reinterpret pc=0x0000027b87b34330 method=jdk.internal.org.objectweb.asm.ByteVector.putShort(I)Ljdk/internal/org/objectweb/asm/ByteVector; @ 13 c2
Event: 1.839 Thread 0x0000027bea9fc3d0 DEOPT PACKING pc=0x0000027b87b34330 sp=0x00000086ffff9360
Event: 1.839 Thread 0x0000027bea9fc3d0 DEOPT UNPACKING pc=0x0000027b875846a2 sp=0x00000086ffff92e8 mode 2

Classes loaded (20 events):
Event: 1.869 Loading class sun/security/ssl/NamedGroup$SupportedGroups
Event: 1.869 Loading class sun/security/ssl/NamedGroup$SupportedGroups done
Event: 1.869 Loading class sun/security/jca/ProviderConfig$3
Event: 1.869 Loading class sun/security/jca/ProviderConfig$3 done
Event: 1.869 Loading class sun/security/jca/ProviderConfig$ProviderLoader
Event: 1.869 Loading class sun/security/jca/ProviderConfig$ProviderLoader done
Event: 1.870 Loading class java/security/InvalidParameterException
Event: 1.870 Loading class java/security/InvalidParameterException done
Event: 1.870 Loading class java/security/ProviderException
Event: 1.870 Loading class java/security/ProviderException done
Event: 1.872 Loading class java/security/AuthProvider
Event: 1.872 Loading class java/security/AuthProvider done
Event: 1.873 Loading class javax/security/auth/login/LoginException
Event: 1.873 Loading class javax/security/auth/login/LoginException done
Event: 1.873 Loading class javax/security/auth/login/FailedLoginException
Event: 1.873 Loading class javax/security/auth/login/FailedLoginException done
Event: 1.874 Loading class javax/security/auth/Subject
Event: 1.874 Loading class javax/security/auth/Subject done
Event: 1.874 Loading class javax/security/auth/callback/CallbackHandler
Event: 1.874 Loading class javax/security/auth/callback/CallbackHandler done

Classes unloaded (0 events):
No events

Classes redefined (0 events):
No events

Internal exceptions (20 events):
Event: 1.624 Thread 0x0000027bea9fc3d0 Exception <a 'java/lang/IncompatibleClassChangeError'{0x0000000710a98500}: Found class java.lang.Object, but interface was expected> (0x0000000710a98500) 
thrown [s\open\src\hotspot\share\interpreter\linkResolver.cpp, line 841]
Event: 1.728 Thread 0x0000027bea9fc3d0 Exception <a 'java/lang/NoSuchMethodError'{0x0000000710678a68}: 'java.lang.Object java.lang.invoke.DirectMethodHandle$Holder.invokeVirtual(java.lang.Object, java.lang.Object, java.lang.Object, java.lang.Object)'> (0x0000000710678a68) 
thrown [s\open\src\hotspot\share\interpreter\linkResolver.cpp, line 774]
Event: 1.770 Thread 0x0000027bea9fc3d0 Exception <a 'java/lang/NoSuchMethodError'{0x00000007107b9f88}: 'void java.lang.invoke.DirectMethodHandle$Holder.invokeStaticInit(java.lang.Object, java.lang.Object)'> (0x00000007107b9f88) 
thrown [s\open\src\hotspot\share\interpreter\linkResolver.cpp, line 774]
Event: 1.809 Thread 0x0000027bea9fc3d0 Exception <a 'java/lang/NoSuchMethodError'{0x00000007105db7a0}: 'java.lang.Object java.lang.invoke.DirectMethodHandle$Holder.invokeStaticInit(java.lang.Object, java.lang.Object, int)'> (0x00000007105db7a0) 
thrown [s\open\src\hotspot\share\interpreter\linkResolver.cpp, line 774]
Event: 1.809 Thread 0x0000027bea9fc3d0 Exception <a 'java/lang/NoSuchMethodError'{0x00000007105e7b28}: 'int java.lang.invoke.DirectMethodHandle$Holder.invokeStaticInit(java.lang.Object, java.lang.Object, java.lang.Object)'> (0x00000007105e7b28) 
thrown [s\open\src\hotspot\share\interpreter\linkResolver.cpp, line 774]
Event: 1.811 Thread 0x0000027bea9fc3d0 Exception <a 'java/lang/NoSuchMethodError'{0x00000007105fa598}: 'int java.lang.invoke.DirectMethodHandle$Holder.invokeSpecialIFC(java.lang.Object, java.lang.Object, java.lang.Object)'> (0x00000007105fa598) 
thrown [s\open\src\hotspot\share\interpreter\linkResolver.cpp, line 774]
Event: 1.823 Thread 0x0000027bea9fc3d0 Exception <a 'java/lang/NoSuchMethodError'{0x000000071021df48}: 'java.lang.Object java.lang.invoke.DirectMethodHandle$Holder.invokeStaticInit(java.lang.Object, java.lang.Object, java.lang.Object, java.lang.Object, java.lang.Object, java.lang.Object, java.lang.Object)'> (0x000000071021df48) 
thrown [s\open\src\hotspot\share\interpreter\linkResolver.cpp, line 774]
Event: 1.824 Thread 0x0000027bea9fc3d0 Exception <a 'java/lang/NoSuchMethodError'{0x00000007102271a8}: 'java.lang.Object java.lang.invoke.Invokers$Holder.invoke_MT(java.lang.Object, java.lang.Object, java.lang.Object, java.lang.Object, java.lang.Object, java.lang.Object, java.lang.Object, java.lang.Object, java.lang.Object, java.lang.Object)'> (0x00000007102271a8) 
thrown [s\open\src\hotspot\share\interpreter\linkResolver.cpp, line 774]
Event: 1.827 Thread 0x0000027bea9fc3d0 Exception <a 'java/lang/NoSuchMethodError'{0x000000071023b270}: 'void java.lang.invoke.DelegatingMethodHandle$Holder.delegate(java.lang.Object, java.lang.Object, int, java.lang.Object)'> (0x000000071023b270) 
thrown [s\open\src\hotspot\share\interpreter\linkResolver.cpp, line 774]
Event: 1.830 Thread 0x0000027bea9fc3d0 Exception <a 'java/lang/NoSuchMethodError'{0x0000000710259a70}: 'int java.lang.invoke.DirectMethodHandle$Holder.invokeVirtual(java.lang.Object, java.lang.Object, java.lang.Object)'> (0x0000000710259a70) 
thrown [s\open\src\hotspot\share\interpreter\linkResolver.cpp, line 774]
Event: 1.831 Thread 0x0000027bea9fc3d0 Exception <a 'java/lang/NoSuchMethodError'{0x000000071025e5d0}: 'int java.lang.invoke.DirectMethodHandle$Holder.invokeStaticInit(java.lang.Object, int, int)'> (0x000000071025e5d0) 
thrown [s\open\src\hotspot\share\interpreter\linkResolver.cpp, line 774]
Event: 1.831 Thread 0x0000027bea9fc3d0 Exception <a 'java/lang/NoSuchMethodError'{0x00000007102662b8}: 'int java.lang.invoke.DirectMethodHandle$Holder.invokeStaticInit(java.lang.Object, long, long)'> (0x00000007102662b8) 
thrown [s\open\src\hotspot\share\interpreter\linkResolver.cpp, line 774]
Event: 1.832 Thread 0x0000027bea9fc3d0 Exception <a 'java/lang/NoSuchMethodError'{0x000000071026d540}: 'int java.lang.invoke.DirectMethodHandle$Holder.invokeStaticInit(java.lang.Object, float, float)'> (0x000000071026d540) 
thrown [s\open\src\hotspot\share\interpreter\linkResolver.cpp, line 774]
Event: 1.832 Thread 0x0000027bea9fc3d0 Exception <a 'java/lang/NoSuchMethodError'{0x00000007102747c0}: 'int java.lang.invoke.DirectMethodHandle$Holder.invokeStaticInit(java.lang.Object, double, double)'> (0x00000007102747c0) 
thrown [s\open\src\hotspot\share\interpreter\linkResolver.cpp, line 774]
Event: 1.832 Thread 0x0000027bea9fc3d0 Exception <a 'java/lang/NoSuchMethodError'{0x0000000710279560}: 'int java.lang.invoke.DirectMethodHandle$Holder.invokeStatic(java.lang.Object, long)'> (0x0000000710279560) 
thrown [s\open\src\hotspot\share\interpreter\linkResolver.cpp, line 774]
Event: 1.835 Thread 0x0000027bea9fc3d0 Exception <a 'java/lang/NoSuchMethodError'{0x000000071028db80}: 'int java.lang.invoke.DirectMethodHandle$Holder.invokeSpecial(java.lang.Object, java.lang.Object, java.lang.Object, java.lang.Object)'> (0x000000071028db80) 
thrown [s\open\src\hotspot\share\interpreter\linkResolver.cpp, line 774]
Event: 1.837 Thread 0x0000027bea9fc3d0 Exception <a 'java/lang/NoSuchMethodError'{0x000000071029f000}: 'java.lang.Object java.lang.invoke.DirectMethodHandle$Holder.invokeStatic(java.lang.Object, int, java.lang.Object, java.lang.Object)'> (0x000000071029f000) 
thrown [s\open\src\hotspot\share\interpreter\linkResolver.cpp, line 774]
Event: 1.837 Thread 0x0000027bea9fc3d0 Exception <a 'java/lang/NoSuchMethodError'{0x00000007102a3738}: 'java.lang.Object java.lang.invoke.DirectMethodHandle$Holder.invokeSpecial(java.lang.Object, java.lang.Object, int, java.lang.Object, java.lang.Object)'> (0x00000007102a3738) 
thrown [s\open\src\hotspot\share\interpreter\linkResolver.cpp, line 774]
Event: 1.837 Thread 0x0000027bea9fc3d0 Exception <a 'java/lang/NoSuchMethodError'{0x00000007102a7b28}: 'java.lang.Object java.lang.invoke.DelegatingMethodHandle$Holder.delegate(java.lang.Object, int, java.lang.Object, java.lang.Object)'> (0x00000007102a7b28) 
thrown [s\open\src\hotspot\share\interpreter\linkResolver.cpp, line 774]
Event: 1.840 Thread 0x0000027bea9fc3d0 Exception <a 'java/lang/NoSuchMethodError'{0x00000007102b7778}: 'int java.lang.invoke.Invokers$Holder.linkToTargetMethod(java.lang.Object, java.lang.Object, java.lang.Object)'> (0x00000007102b7778) 
thrown [s\open\src\hotspot\share\interpreter\linkResolver.cpp, line 774]

ZGC Phase Switch (0 events):
No events

VM Operations (20 events):
Event: 1.084 Executing VM operation: HandshakeAllThreads (Deoptimize)
Event: 1.084 Executing VM operation: HandshakeAllThreads (Deoptimize) done
Event: 1.090 Executing VM operation: ICBufferFull
Event: 1.090 Executing VM operation: ICBufferFull done
Event: 1.129 Executing VM operation: HandshakeAllThreads (Deoptimize)
Event: 1.129 Executing VM operation: HandshakeAllThreads (Deoptimize) done
Event: 1.148 Executing VM operation: HandshakeAllThreads (Deoptimize)
Event: 1.148 Executing VM operation: HandshakeAllThreads (Deoptimize) done
Event: 1.159 Executing VM operation: HandshakeAllThreads (Deoptimize)
Event: 1.159 Executing VM operation: HandshakeAllThreads (Deoptimize) done
Event: 1.232 Executing VM operation: HandshakeAllThreads (Deoptimize)
Event: 1.232 Executing VM operation: HandshakeAllThreads (Deoptimize) done
Event: 1.456 Executing VM operation: HandshakeAllThreads (Deoptimize)
Event: 1.456 Executing VM operation: HandshakeAllThreads (Deoptimize) done
Event: 1.494 Executing VM operation: ICBufferFull
Event: 1.494 Executing VM operation: ICBufferFull done
Event: 1.497 Executing VM operation: G1CollectForAllocation (G1 Evacuation Pause)
Event: 1.505 Executing VM operation: G1CollectForAllocation (G1 Evacuation Pause) done
Event: 1.672 Executing VM operation: HandshakeAllThreads (Deoptimize)
Event: 1.672 Executing VM operation: HandshakeAllThreads (Deoptimize) done

Memory protections (0 events):
No events

Nmethod flushes (0 events):
No events

Events (15 events):
Event: 0.025 Thread 0x0000027bea9fc3d0 Thread added: 0x0000027bea9fc3d0
Event: 0.039 Thread 0x0000027bea9fc3d0 Thread added: 0x0000027bfaa755b0
Event: 0.039 Thread 0x0000027bea9fc3d0 Thread added: 0x0000027bfaa762d0
Event: 0.040 Thread 0x0000027bea9fc3d0 Thread added: 0x0000027bfaa78dd0
Event: 0.040 Thread 0x0000027bea9fc3d0 Thread added: 0x0000027bfaa7a840
Event: 0.040 Thread 0x0000027bea9fc3d0 Thread added: 0x0000027bfaa7ba40
Event: 0.040 Thread 0x0000027bea9fc3d0 Thread added: 0x0000027bfaa7cd70
Event: 0.040 Thread 0x0000027bea9fc3d0 Thread added: 0x0000027bfaa820d0
Event: 0.040 Thread 0x0000027bea9fc3d0 Thread added: 0x0000027bfaa894e0
Event: 0.123 Thread 0x0000027bea9fc3d0 Thread added: 0x0000027bd4216c20
Event: 0.173 Thread 0x0000027bea9fc3d0 Thread added: 0x0000027bd43ea730
Event: 0.173 Thread 0x0000027bea9fc3d0 Thread added: 0x0000027bd4365500
Event: 0.200 Thread 0x0000027bfaa894e0 Thread added: 0x0000027bd44440f0
Event: 0.206 Thread 0x0000027bfaa894e0 Thread added: 0x0000027bd4570900
Event: 1.792 Thread 0x0000027bea9fc3d0 Thread added: 0x0000027bd56b73c0


Dynamic libraries:
0x00007ff655d80000 - 0x00007ff655d8e000 	C:\Users\Vitaliy\.jdks\openjdk-22.0.2\bin\java.exe
0x00007ffc5b310000 - 0x00007ffc5b527000 	C:\Windows\SYSTEM32\ntdll.dll
0x00007ffc5aa50000 - 0x00007ffc5ab14000 	C:\Windows\System32\KERNEL32.DLL
0x00007ffc58c50000 - 0x00007ffc59007000 	C:\Windows\System32\KERNELBASE.dll
0x00007ffc58b30000 - 0x00007ffc58c41000 	C:\Windows\System32\ucrtbase.dll
0x00007ffc4aa70000 - 0x00007ffc4aa8b000 	C:\Users\Vitaliy\.jdks\openjdk-22.0.2\bin\VCRUNTIME140.dll
0x00007ffc4ab40000 - 0x00007ffc4ab57000 	C:\Users\Vitaliy\.jdks\openjdk-22.0.2\bin\jli.dll
0x00007ffc59330000 - 0x00007ffc594df000 	C:\Windows\System32\USER32.dll
0x00007ffc42230000 - 0x00007ffc424c3000 	C:\Windows\WinSxS\amd64_microsoft.windows.common-controls_6595b64144ccf1df_6.0.22621.3672_none_2713b9d173822955\COMCTL32.dll
0x00007ffc58620000 - 0x00007ffc58646000 	C:\Windows\System32\win32u.dll
0x00007ffc59670000 - 0x00007ffc59717000 	C:\Windows\System32\msvcrt.dll
0x00007ffc5a080000 - 0x00007ffc5a0a9000 	C:\Windows\System32\GDI32.dll
0x00007ffc58a10000 - 0x00007ffc58b28000 	C:\Windows\System32\gdi32full.dll
0x00007ffc58650000 - 0x00007ffc586ea000 	C:\Windows\System32\msvcp_win.dll
0x00007ffc5b180000 - 0x00007ffc5b1b1000 	C:\Windows\System32\IMM32.DLL
0x00007ffc4a180000 - 0x00007ffc4a18c000 	C:\Users\Vitaliy\.jdks\openjdk-22.0.2\bin\vcruntime140_1.dll
0x00007ffc34c50000 - 0x00007ffc34cde000 	C:\Users\Vitaliy\.jdks\openjdk-22.0.2\bin\msvcp140.dll
0x00007ffc255f0000 - 0x00007ffc26339000 	C:\Users\Vitaliy\.jdks\openjdk-22.0.2\bin\server\jvm.dll
0x00007ffc5a6d0000 - 0x00007ffc5a782000 	C:\Windows\System32\ADVAPI32.dll
0x00007ffc591b0000 - 0x00007ffc59258000 	C:\Windows\System32\sechost.dll
0x00007ffc59010000 - 0x00007ffc59038000 	C:\Windows\System32\bcrypt.dll
0x00007ffc5a0b0000 - 0x00007ffc5a1c4000 	C:\Windows\System32\RPCRT4.dll
0x00007ffc5b1c0000 - 0x00007ffc5b231000 	C:\Windows\System32\WS2_32.dll
0x00007ffc57db0000 - 0x00007ffc57dfd000 	C:\Windows\SYSTEM32\POWRPROF.dll
0x00007ffc4dfd0000 - 0x00007ffc4dfda000 	C:\Windows\SYSTEM32\VERSION.dll
0x00007ffc536a0000 - 0x00007ffc536d4000 	C:\Windows\SYSTEM32\WINMM.dll
0x00007ffc57d90000 - 0x00007ffc57da3000 	C:\Windows\SYSTEM32\UMPDC.dll
0x00007ffc57630000 - 0x00007ffc57648000 	C:\Windows\SYSTEM32\kernel.appcore.dll
0x00007ffc4a170000 - 0x00007ffc4a17a000 	C:\Users\Vitaliy\.jdks\openjdk-22.0.2\bin\jimage.dll
0x00007ffc3f870000 - 0x00007ffc3faa2000 	C:\Windows\SYSTEM32\DBGHELP.DLL
0x00007ffc5a1d0000 - 0x00007ffc5a55e000 	C:\Windows\System32\combase.dll
0x00007ffc59fa0000 - 0x00007ffc5a077000 	C:\Windows\System32\OLEAUT32.dll
0x00007ffc4bb40000 - 0x00007ffc4bb72000 	C:\Windows\SYSTEM32\dbgcore.DLL
0x00007ffc58820000 - 0x00007ffc5889b000 	C:\Windows\System32\bcryptPrimitives.dll
0x00007ffc49340000 - 0x00007ffc4934f000 	C:\Users\Vitaliy\.jdks\openjdk-22.0.2\bin\instrument.dll
0x00007ffc49230000 - 0x00007ffc4924e000 	C:\Users\Vitaliy\.jdks\openjdk-22.0.2\bin\java.dll
0x00007ffc59720000 - 0x00007ffc59f89000 	C:\Windows\System32\SHELL32.dll
0x00007ffc5a790000 - 0x00007ffc5a935000 	C:\Windows\System32\ole32.dll
0x00007ffc56540000 - 0x00007ffc56e3f000 	C:\Windows\SYSTEM32\windows.storage.dll
0x00007ffc56400000 - 0x00007ffc5653f000 	C:\Windows\SYSTEM32\wintypes.dll
0x00007ffc59570000 - 0x00007ffc59669000 	C:\Windows\System32\SHCORE.dll
0x00007ffc59140000 - 0x00007ffc5919e000 	C:\Windows\System32\shlwapi.dll
0x00007ffc58550000 - 0x00007ffc58577000 	C:\Windows\SYSTEM32\profapi.dll
0x00007ffc34b70000 - 0x00007ffc34c47000 	C:\Users\Vitaliy\.jdks\openjdk-22.0.2\bin\jsvml.dll
0x00007ffc46250000 - 0x00007ffc46267000 	C:\Users\Vitaliy\.jdks\openjdk-22.0.2\bin\zip.dll
0x00007ffc48940000 - 0x00007ffc48950000 	C:\Users\Vitaliy\.jdks\openjdk-22.0.2\bin\net.dll
0x00007ffc57a90000 - 0x00007ffc57af9000 	C:\Windows\system32\mswsock.dll
0x00007ffc46270000 - 0x00007ffc46286000 	C:\Users\Vitaliy\.jdks\openjdk-22.0.2\bin\nio.dll
0x00007ffc43ca0000 - 0x00007ffc43cba000 	C:\Program Files\JetBrains\IntelliJ IDEA Community Edition 2024.2.1\bin\breakgen64.dll
0x00007ffc47570000 - 0x00007ffc47579000 	C:\Users\Vitaliy\.jdks\openjdk-22.0.2\bin\extnet.dll
0x00007ffc57ed0000 - 0x00007ffc57eeb000 	C:\Windows\SYSTEM32\CRYPTSP.dll
0x00007ffc57590000 - 0x00007ffc575c5000 	C:\Windows\system32\rsaenh.dll
0x00007ffc57b30000 - 0x00007ffc57b58000 	C:\Windows\SYSTEM32\USERENV.dll
0x00007ffc57eb0000 - 0x00007ffc57ebc000 	C:\Windows\SYSTEM32\CRYPTBASE.dll
0x00007ffc570a0000 - 0x00007ffc570cd000 	C:\Windows\SYSTEM32\IPHLPAPI.DLL
0x00007ffc59f90000 - 0x00007ffc59f99000 	C:\Windows\System32\NSI.dll
0x00007ffc43c90000 - 0x00007ffc43ca0000 	C:\Users\Vitaliy\.jdks\openjdk-22.0.2\bin\verify.dll
0x00007ffc18410000 - 0x00007ffc18427000 	C:\Windows\system32\napinsp.dll
0x00007ffc18430000 - 0x00007ffc1844b000 	C:\Windows\system32\pnrpnsp.dll
0x00007ffc57110000 - 0x00007ffc57212000 	C:\Windows\SYSTEM32\DNSAPI.dll
0x00007ffc18450000 - 0x00007ffc18461000 	C:\Windows\System32\winrnr.dll
0x00007ffc512a0000 - 0x00007ffc512b5000 	C:\Windows\system32\wshbth.dll
0x00007ffc18470000 - 0x00007ffc18497000 	C:\Windows\system32\nlansp_c.dll
0x00007ffc506e0000 - 0x00007ffc506ea000 	C:\Windows\System32\rasadhlp.dll
0x00007ffc510c0000 - 0x00007ffc51143000 	C:\Windows\System32\fwpuclnt.dll
0x00007ffc47160000 - 0x00007ffc4716a000 	C:\Users\Vitaliy\.jdks\openjdk-22.0.2\bin\management.dll
0x00007ffc44f10000 - 0x00007ffc44f1b000 	C:\Users\Vitaliy\.jdks\openjdk-22.0.2\bin\management_ext.dll
0x00007ffc591a0000 - 0x00007ffc591a8000 	C:\Windows\System32\PSAPI.DLL
0x00007ffc44e60000 - 0x00007ffc44e6e000 	C:\Users\Vitaliy\.jdks\openjdk-22.0.2\bin\sunmscapi.dll
0x00007ffc588a0000 - 0x00007ffc58a06000 	C:\Windows\System32\CRYPT32.dll
0x00007ffc57fe0000 - 0x00007ffc5800d000 	C:\Windows\SYSTEM32\ncrypt.dll
0x00007ffc57fa0000 - 0x00007ffc57fd7000 	C:\Windows\SYSTEM32\NTASN1.dll
0x00007ffc54560000 - 0x00007ffc54568000 	C:\Windows\system32\wshunix.dll

dbghelp: loaded successfully - version: 4.0.5 - missing functions: none
symbol engine: initialized successfully - sym options: 0x614 - pdb path: .;C:\Users\Vitaliy\.jdks\openjdk-22.0.2\bin;C:\Windows\SYSTEM32;C:\Windows\WinSxS\amd64_microsoft.windows.common-controls_6595b64144ccf1df_6.0.22621.3672_none_2713b9d173822955;C:\Users\Vitaliy\.jdks\openjdk-22.0.2\bin\server;C:\Program Files\JetBrains\IntelliJ IDEA Community Edition 2024.2.1\bin

VM Arguments:
jvm_args: -ea -Didea.test.cyclic.buffer.size=1048576 -javaagent:C:\Program Files\JetBrains\IntelliJ IDEA Community Edition 2024.2.1\lib\idea_rt.jar=62795:C:\Program Files\JetBrains\IntelliJ IDEA Community Edition 2024.2.1\bin -Dfile.encoding=UTF-8 -Dsun.stdout.encoding=UTF-8 -Dsun.stderr.encoding=UTF-8 
java_command: com.intellij.rt.junit.JUnitStarter -ideVersion5 -junit5 OpenPage.BaggageTest
java_class_path (initial): C:\Program Files\JetBrains\IntelliJ IDEA Community Edition 2024.2.1\lib\idea_rt.jar;C:\Program Files\JetBrains\IntelliJ IDEA Community Edition 2024.2.1\plugins\junit\lib\junit5-rt.jar;C:\Program Files\JetBrains\IntelliJ IDEA Community Edition 2024.2.1\plugins\junit\lib\junit-rt.jar;C:\Users\Vitaliy\AndroidStudioProjects\UralAvialiniy\target\test-classes;C:\Users\Vitaliy\.m2\repository\com\codeborne\selenide\7.5.1\selenide-7.5.1.jar;C:\Users\Vitaliy\.m2\repository\org\seleniumhq\selenium\selenium-java\4.25.0\selenium-java-4.25.0.jar;C:\Users\Vitaliy\.m2\repository\org\seleniumhq\selenium\selenium-api\4.25.0\selenium-api-4.25.0.jar;C:\Users\Vitaliy\.m2\repository\org\jspecify\jspecify\1.0.0\jspecify-1.0.0.jar;C:\Users\Vitaliy\.m2\repository\org\seleniumhq\selenium\selenium-chrome-driver\4.25.0\selenium-chrome-driver-4.25.0.jar;C:\Users\Vitaliy\.m2\repository\com\google\auto\service\auto-service-annotations\1.1.1\auto-service-annotations-1.1.1.jar;C:\Users\Vitaliy\.m2\repository\org\seleniumhq\selenium\selenium-chromium-driver\4.25.0\selenium-chromium-driver-4.25.0.jar;C:\Users\Vitaliy\.m2\repository\org\seleniumhq\selenium\selenium-json\4.25.0\selenium-json-4.25.0.jar;C:\Users\Vitaliy\.m2\repository\org\seleniumhq\selenium\selenium-manager\4.25.0\selenium-manager-4.25.0.jar;C:\Users\Vitaliy\.m2\repository\org\seleniumhq\selenium\selenium-devtools-v127\4.25.0\selenium-devtools-v127-4.25.0.jar;C:\Users\Vitaliy\.m2\repository\org\seleniumhq\selenium\selenium-devtools-v128\4.25.0\selenium-devtools-v128-4.25.0.jar;C:\Users\Vitaliy\.m2\repository\org\seleniumhq\selenium\selenium-devtools-v129\4.25.0\selenium-devtools-v129-4.25.0.jar;C:\Users\Vitaliy\.m2\repository\org\seleniumhq\selenium\selenium-devtools-v85\4.25.0\selenium-devtools-v85-4.25.0.jar;C:\Users\Vitaliy\.m2\repository\org\seleniumhq\selenium\selenium-edge-driver\4.25.0\selenium-edge-driver-4.25.0.jar;C:\Users\Vitaliy\.m2\repository\org\seleniumhq\selenium\selenium-firefox-driver\4.25.0\selenium-firefox-driver-4.25.0.jar;C:\Users\Vitaliy\.m2\repository\org\seleniumhq\selenium\selenium-http\4.25.0\selenium-http-4.25.0.jar;C:\Users\Vitaliy\.m2\repository\dev\failsafe\failsafe\3.3.2\failsafe-3.3.2.jar;C:\Users\Vitaliy\.m2\repository\org\seleniumhq\selenium\selenium-ie-driver\4.25.0\selenium-ie-driver-4.25.0.jar;C:\Users\Vitaliy\.m2\repository\org\seleniumhq\selenium\selenium-remote-driver\4.25.0\selenium-remote-driver-4.25.0.jar;C:\Users\Vitaliy\.m2\repository\io\opentelemetry\semconv\opentelemetry-semconv\1.25.0-alpha\opentelemetry-semconv-1.25.0-alpha.jar;C:\Users\Vitaliy\.m2\repository\io\opentelemetry\opentelemetry-api\1.42.1\opentelemetry-api-1.42.1.jar;C:\Users\Vitaliy\.m2\repository\io\opentelemetry\opentelemetry-context\1.42.1\opentelemetry-context-1.42.1.jar;C:\Users\Vitaliy\.m2\repository\io\opentelemetry\opentelemetry-exporter-logging\1.42.1\opentelemetry-exporter-logging-1.42.1.jar;C:\Users\Vitaliy\.m2\repository\io\opentelemetry\opentelemetry-sdk-common\1.42.1\opentelemetry-sdk-common-1.42.1.jar;C:\Users\Vitaliy\.m2\repository\io\opentelemetry\opentelemetry-sdk-extension-autoconfigure-spi\1.42.1\opentelemetry-sdk-extension-autoconfigure-spi-1.42.1.jar;C:\Users\Vitaliy\.m2\repository\io\opentelemetry\opentelemetry-sdk-extension-autoconfigure\1.42.1\opentelemetry-sdk-extension-autoconfigure-1.42.1.jar;C:\Users\Vitaliy\.m2\repository\io\opentelemetry\opentelemetry-api-incubator\1.42.1-alpha\opentelemetry-api-incubator-1.42.1-alpha.jar;C:\Users\Vitaliy\.m2\repository\io\opentelemetry\opentelemetry-sdk-trace\1.42.1\opentelemetry-sdk-trace-1.42.1.jar;C:\Users\Vitaliy\.m2\repository\io\opentelemetry\opentelemetry-sdk\1.42.1\opentelemetry-sdk-1.42.1.jar;C:\Users\Vitaliy\.m2\repository\io\opentelemetry\opentelemetry-sdk-metrics\1.42.1\opentelemetry-sdk-metrics-1.42.1.jar;C:\Users\Vitaliy\.m2\repository\io\opentelemetry\opentelemetry-sdk-logs\1.42.1\opentelemetry-sdk-logs-1.42.1.jar;C:\Users\Vitaliy\.m2\repository\net\bytebuddy\byte-buddy\1.15.1\byte-buddy-1.15.1.jar;C:\Users\Vitaliy\.m2\repository\org\seleniumhq\selenium\selenium-os\4.25.0\selenium-os-4.25.0.jar;C:\Users\Vitaliy\.m2\repository\org\apache\commons\commons-exec\1.4.0\commons-exec-1.4.0.jar;C:\Users\Vitaliy\.m2\repository\org\seleniumhq\selenium\selenium-safari-driver\4.25.0\selenium-safari-driver-4.25.0.jar;C:\Users\Vitaliy\.m2\repository\org\seleniumhq\selenium\selenium-support\4.25.0\selenium-support-4.25.0.jar;C:\Users\Vitaliy\.m2\repository\org\slf4j\slf4j-api\2.0.16\slf4j-api-2.0.16.jar;C:\Users\Vitaliy\.m2\repository\com\codeborne\selenide-core\7.5.1\selenide-core-7.5.1.jar;C:\Users\Vitaliy\.m2\repository\org\opentest4j\opentest4j\1.3.0\opentest4j-1.3.0.jar;C:\Users\Vitaliy\.m2\repository\com\google\guava\guava\33.3.0-jre\guava-33.3.0-jre.jar;C:\Users\Vitaliy\.m2\repository\com\google\guava\failureaccess\1.0.2\failureaccess-1.0.2.jar;C:\Users\Vitaliy\.m2\repository\com\google\guava\listenablefuture\9999.0-empty-to-avoid-conflict-with-guava\listenablefuture-9999.0-empty-to-avoid-conflict-with-guava.jar;C:\Users\Vitaliy\.m2\repository\com\google\code\findbugs\jsr305\3.0.2\jsr305-3.0.2.jar;C:\Users\Vitaliy\.m2\repository\org\checkerframework\checker-qual\3.43.0\checker-qual-3.43.0.jar;C:\Users\Vitaliy\.m2\repository\com\google\errorprone\error_prone_annotations\2.28.0\error_prone_annotations-2.28.0.jar;C:\Users\Vitaliy\.m2\repository\com\google\j2objc\j2objc-annotations\3.0.0\j2objc-annotations-3.0.0.jar;C:\Users\Vitaliy\.m2\repository\org\apache\commons\commons-lang3\3.17.0\commons-lang3-3.17.0.jar;C:\Users\Vitaliy\.m2\repository\commons-io\commons-io\2.17.0\commons-io-2.17.0.jar;C:\Users\Vitaliy\.m2\repository\org\junit\jupiter\junit-jupiter\5.11.0\junit-jupiter-5.11.0.jar;C:\Users\Vitaliy\.m2\repository\org\junit\jupiter\junit-jupiter-api\5.11.0\junit-jupiter-api-5.11.0.jar;C:\Users\Vitaliy\.m2\repository\org\junit\platform\junit-platform-commons\1.11.0\junit-platform-commons-1.11.0.jar;C:\Users\Vitaliy\.m2\repository\org\apiguardian\apiguardian-api\1.1.2\apiguardian-api-1.1.2.jar;C:\Users\Vitaliy\.m2\repository\org\junit\jupiter\junit-jupiter-params\5.11.0\junit-jupiter-params-5.11.0.jar;C:\Users\Vitaliy\.m2\repository\org\junit\jupiter\junit-jupiter-engine\5.11.0\junit-jupiter-engine-5.11.0.jar;C:\Users\Vitaliy\.m2\repository\org\junit\platform\junit-platform-engine\1.11.0\junit-platform-engine-1.11.0.jar;C:\Users\Vitaliy\.m2\repository\io\qameta\allure\allure-junit5\2.29.0\allure-junit5-2.29.0.jar;C:\Users\Vitaliy\.m2\repository\io\qameta\allure\allure-junit-platform\2.29.0\allure-junit-platform-2.29.0.jar;C:\Users\Vitaliy\.m2\repository\io\qameta\allure\allure-java-commons\2.29.0\allure-java-commons-2.29.0.jar;C:\Users\Vitaliy\.m2\repository\io\qameta\allure\allure-model\2.29.0\allure-model-2.29.0.jar;C:\Users\Vitaliy\.m2\repository\org\junit\platform\junit-platform-launcher\1.10.3\junit-platform-launcher-1.10.3.jar;C:\Users\Vitaliy\.m2\repository\io\qameta\allure\allure-test-filter\2.29.0\allure-test-filter-2.29.0.jar;C:\Users\Vitaliy\.m2\repository\io\github\bonigarcia\webdrivermanager\5.9.2\webdrivermanager-5.9.2.jar;C:\Users\Vitaliy\.m2\repository\com\google\code\gson\gson\2.11.0\gson-2.11.0.jar;C:\Users\Vitaliy\.m2\repository\com\github\docker-java\docker-java\3.4.0\docker-java-3.4.0.jar;C:\Users\Vitaliy\.m2\repository\com\github\docker-java\docker-java-core\3.4.0\docker-java-core-3.4.0.jar;C:\Users\Vitaliy\.m2\repository\com\github\docker-java\docker-java-api\3.4.0\docker-java-api-3.4.0.jar;C:\Users\Vitaliy\.m2\repository\com\fasterxml\jackson\core\jackson-annotations\2.10.3\jackson-annotations-2.10.3.jar;C:\Users\Vitaliy\.m2\repository\com\fasterxml\jackson\core\jackson-databind\2.10.3\jackson-databind-2.10.3.jar;C:\Users\Vitaliy\.m2\repository\com\fasterxml\jackson\core\jackson-core\2.10.3\jackson-core-2.10.3.jar;C:\Users\Vitaliy\.m2\repository\org\slf4j\jcl-over-slf4j\1.7.30\jcl-over-slf4j-1.7.30.jar;C:\Users\Vitaliy\.m2\repository\com\github\docker-java\docker-java-transport-httpclient5\3.4.0\docker-java-transport-httpclient5-3.4.0.jar;C:\Users\Vitaliy\.m2\repository\com\github\docker-java\docker-java-transport\3.4.0\docker-java-transport-3.4.0.jar;C:\Users\Vitaliy\.m2\repository\net\java\dev\jna\jna\5.13.0\jna-5.13.0.jar;C:\Users\Vitaliy\.m2\repository\org\brotli\dec\0.1.2\dec-0.1.2.jar;C:\Users\Vitaliy\.m2\repository\org\apache\commons\commons-compress\1.26.2\commons-compress-1.26.2.jar;C:\Users\Vitaliy\.m2\repository\commons-codec\commons-codec\1.17.0\commons-codec-1.17.0.jar;C:\Users\Vitaliy\.m2\repository\org\apache\httpcomponents\client5\httpclient5\5.2.1\httpclient5-5.2.1.jar;C:\Users\Vitaliy\.m2\repository\org\apache\httpcomponents\core5\httpcore5\5.2\httpcore5-5.2.jar;C:\Users\Vitaliy\.m2\repository\org\apache\httpcomponents\core5\httpcore5-h2\5.2\httpcore5-h2-5.2.jar;C:\Users\Vitaliy\.m2\repository\org\slf4j\slf4j-simple\1.7.36\slf4j-simple-1.7.36.jar
Launcher Type: SUN_STANDARD

[Global flags]
     intx CICompilerCount                          = 4                                         {product} {ergonomic}
     uint ConcGCThreads                            = 2                                         {product} {ergonomic}
     uint G1ConcRefinementThreads                  = 8                                         {product} {ergonomic}
   size_t G1HeapRegionSize                         = 2097152                                   {product} {ergonomic}
   size_t InitialHeapSize                          = 268435456                                 {product} {ergonomic}
   size_t MarkStackSize                            = 4194304                                   {product} {ergonomic}
   size_t MaxHeapSize                              = 4273995776                                {product} {ergonomic}
   size_t MaxNewSize                               = 2562719744                                {product} {ergonomic}
   size_t MinHeapDeltaBytes                        = 2097152                                   {product} {ergonomic}
   size_t MinHeapSize                              = 8388608                                   {product} {ergonomic}
    uintx NonNMethodCodeHeapSize                   = 5839372                                {pd product} {ergonomic}
    uintx NonProfiledCodeHeapSize                  = 122909434                              {pd product} {ergonomic}
    uintx ProfiledCodeHeapSize                     = 122909434                              {pd product} {ergonomic}
    uintx ReservedCodeCacheSize                    = 251658240                              {pd product} {ergonomic}
     bool SegmentedCodeCache                       = true                                      {product} {ergonomic}
   size_t SoftMaxHeapSize                          = 4273995776                             {manageable} {ergonomic}
     bool UseCompressedOops                        = true                           {product lp64_product} {ergonomic}
     bool UseG1GC                                  = true                                      {product} {ergonomic}
     bool UseLargePagesIndividualAllocation        = false                                  {pd product} {ergonomic}

Logging:
Log output configuration:
 #0: stdout all=warning uptime,level,tags foldmultilines=false
 #1: stderr all=off uptime,level,tags foldmultilines=false

Environment Variables:
PATH=C:\Windows\system32;C:\Windows;C:\Windows\System32\Wbem;C:\Windows\System32\WindowsPowerShell\v1.0\;C:\Windows\System32\OpenSSH\;C:\Program Files\Git\cmd;C:\Program Files\Docker\Docker\resources\bin;C:\Users\Vitaliy\AppData\Local\Microsoft\WindowsApps;;C:\Users\Vitaliy\IntelliJ IDEA Community Edition 2024.2.1\bin;;C:\Users\Vitaliy\AppData\Local\Programs\Fiddler
USERNAME=Vitaliy
OS=Windows_NT
PROCESSOR_IDENTIFIER=Intel64 Family 6 Model 94 Stepping 3, GenuineIntel
TMP=C:\Users\Vitaliy\AppData\Local\Temp
TEMP=C:\Users\Vitaliy\AppData\Local\Temp




Periodic native trim disabled

---------------  S Y S T E M  ---------------

OS:
 Windows 11 , 64 bit Build 22621 (10.0.22621.3958)
OS uptime: 20 days 23:19 hours
Hyper-V role detected

CPU: total 8 (initial active 8) (4 cores per cpu, 2 threads per core) family 6 model 94 stepping 3 microcode 0xd6, cx8, cmov, fxsr, ht, mmx, 3dnowpref, sse, sse2, sse3, ssse3, sse4.1, sse4.2, popcnt, lzcnt, tsc, tscinvbit, avx, avx2, aes, erms, clmul, bmi1, bmi2, rtm, adx, fma, vzeroupper, clflush, clflushopt, hv, rdtscp, f16c
Processor Information for all 8 processors :
  Max Mhz: 3501, Current Mhz: 3501, Mhz Limit: 3501

Memory: 4k page, system-wide physical 16300M (894M free)
TotalPageFile size 46005M (AvailPageFile size 6M)
current process WorkingSet (physical memory assigned to process): 168M, peak: 170M
current process commit charge ("private bytes"): 416M, peak: 419M

vm_info: OpenJDK 64-Bit Server VM (22.0.2+9-70) for windows-amd64 JRE (22.0.2+9-70), built on 2024-06-04T16:52:23Z by "mach5one" with MS VC++ 17.6 (VS2022)

END.
