#
# There is insufficient memory for the Java Runtime Environment to continue.
# Native memory allocation (malloc) failed to allocate 2020496 bytes. Error detail: Chunk::new
# Possible reasons:
#   The system is out of physical RAM or swap space
#   This process is running with CompressedOops enabled, and the Java Heap may be blocking the growth of the native heap
# Possible solutions:
#   Reduce memory load on the system
#   Increase physical memory or swap space
#   Check if swap backing store is full
#   Decrease Java heap size (-Xmx/-Xms)
#   Decrease number of Java threads
#   Decrease Java thread stack sizes (-Xss)
#   Set larger code cache with -XX:ReservedCodeCacheSize=
#   JVM is running with Zero Based Compressed Oops mode in which the Java heap is
#     placed in the first 32GB address space. The Java Heap base address is the
#     maximum limit for the native heap growth. Please use -XX:HeapBaseMinAddress
#     to set the Java Heap base and to place the Java Heap above 32GB virtual address.
# This output file may be truncated or incomplete.
#
#  Out of Memory Error (arena.cpp:150), pid=603220, tid=597636
#
# JRE version: OpenJDK Runtime Environment (22.0.2+9) (build 22.0.2+9-70)
# Java VM: OpenJDK 64-Bit Server VM (22.0.2+9-70, mixed mode, sharing, tiered, compressed oops, compressed class ptrs, g1 gc, windows-amd64)
# No core dump will be written. Minidumps are not enabled by default on client versions of Windows
#

---------------  S U M M A R Y ------------

Command Line: -ea -Didea.test.cyclic.buffer.size=1048576 -javaagent:C:\Program Files\JetBrains\IntelliJ IDEA Community Edition 2024.2.1\lib\idea_rt.jar=62787:C:\Program Files\JetBrains\IntelliJ IDEA Community Edition 2024.2.1\bin -Dfile.encoding=UTF-8 -Dsun.stdout.encoding=UTF-8 -Dsun.stderr.encoding=UTF-8 com.intellij.rt.junit.JUnitStarter -ideVersion5 -junit5 OpenPage.RulesTest,testAirRules

Host: Intel(R) Xeon(R) CPU E3-1245 v5 @ 3.50GHz, 8 cores, 15G,  Windows 11 , 64 bit Build 22621 (10.0.22621.3958)
Time: Mon Nov 18 09:57:29 2024 RTZ 2 (s 11 , 64 bit Build 22621 (10.0.22621.3958) elapsed time: 3.922364 seconds (0d 0h 0m 3s)

---------------  T H R E A D  ---------------

Current thread (0x000001aec221eed0):  JavaThread "C2 CompilerThread1" daemon [_thread_in_native, id=597636, stack(0x0000000fe5f00000,0x0000000fe6000000) (1024K)]


Current CompileTask:
C2:3922 2820       4       java.lang.invoke.MethodType::makeImpl (109 bytes)

Stack: [0x0000000fe5f00000,0x0000000fe6000000]
Native frames: (J=compiled Java code, j=interpreted, Vv=VM code, C=native code)
V  [jvm.dll+0x6e26e9]  (no source info available)
V  [jvm.dll+0x875753]  (no source info available)
V  [jvm.dll+0x877b7e]  (no source info available)
V  [jvm.dll+0x878253]  (no source info available)
V  [jvm.dll+0x27fc86]  (no source info available)
V  [jvm.dll+0xc3d0f]  (no source info available)
V  [jvm.dll+0xc3f6b]  (no source info available)
V  [jvm.dll+0x3bb47c]  (no source info available)
V  [jvm.dll+0x387d4b]  (no source info available)
V  [jvm.dll+0x3871ba]  (no source info available)
V  [jvm.dll+0x2477f8]  (no source info available)
V  [jvm.dll+0x246e9f]  (no source info available)
V  [jvm.dll+0x1c4e80]  (no source info available)
V  [jvm.dll+0x2568f3]  (no source info available)
V  [jvm.dll+0x254baa]  (no source info available)
V  [jvm.dll+0x3f57a6]  (no source info available)
V  [jvm.dll+0x81dc0b]  (no source info available)
V  [jvm.dll+0x6e0d85]  (no source info available)
C  [ucrtbase.dll+0x29333]  (no source info available)
C  [KERNEL32.DLL+0x1257d]  (no source info available)
C  [ntdll.dll+0x5af08]  (no source info available)


---------------  P R O C E S S  ---------------

Threads class SMR info:
_java_thread_list=0x000001af09354960, length=15, elements={
0x000001aea0fbbc20, 0x000001aec2205870, 0x000001aec22074e0, 0x000001aec2209a90,
0x000001aec220c990, 0x000001aec220db90, 0x000001aec2211df0, 0x000001aec2218870,
0x000001aec221bf20, 0x000001aec243d0b0, 0x000001aec257b170, 0x000001aec25daa20,
0x000001aec221eed0, 0x000001aec221c5f0, 0x000001af09f61da0
}

Java Threads: ( => current thread )
  0x000001aea0fbbc20 JavaThread "main"                              [_thread_in_vm, id=603352, stack(0x0000000fe4c00000,0x0000000fe4d00000) (1024K)]
  0x000001aec2205870 JavaThread "Reference Handler"          daemon [_thread_blocked, id=366696, stack(0x0000000fe5400000,0x0000000fe5500000) (1024K)]
  0x000001aec22074e0 JavaThread "Finalizer"                  daemon [_thread_blocked, id=547740, stack(0x0000000fe5500000,0x0000000fe5600000) (1024K)]
  0x000001aec2209a90 JavaThread "Signal Dispatcher"          daemon [_thread_blocked, id=595520, stack(0x0000000fe5600000,0x0000000fe5700000) (1024K)]
  0x000001aec220c990 JavaThread "Attach Listener"            daemon [_thread_blocked, id=557680, stack(0x0000000fe5700000,0x0000000fe5800000) (1024K)]
  0x000001aec220db90 JavaThread "Service Thread"             daemon [_thread_blocked, id=549344, stack(0x0000000fe5800000,0x0000000fe5900000) (1024K)]
  0x000001aec2211df0 JavaThread "Monitor Deflation Thread"   daemon [_thread_blocked, id=547648, stack(0x0000000fe5900000,0x0000000fe5a00000) (1024K)]
  0x000001aec2218870 JavaThread "C2 CompilerThread0"         daemon [_thread_in_native, id=588272, stack(0x0000000fe5a00000,0x0000000fe5b00000) (1024K)]
  0x000001aec221bf20 JavaThread "C1 CompilerThread0"         daemon [_thread_blocked, id=591256, stack(0x0000000fe5b00000,0x0000000fe5c00000) (1024K)]
  0x000001aec243d0b0 JavaThread "Common-Cleaner"             daemon [_thread_blocked, id=592416, stack(0x0000000fe5c00000,0x0000000fe5d00000) (1024K)]
  0x000001aec257b170 JavaThread "Monitor Ctrl-Break"         daemon [_thread_in_native, id=604108, stack(0x0000000fe5d00000,0x0000000fe5e00000) (1024K)]
  0x000001aec25daa20 JavaThread "Notification Thread"        daemon [_thread_blocked, id=601440, stack(0x0000000fe5e00000,0x0000000fe5f00000) (1024K)]
=>0x000001aec221eed0 JavaThread "C2 CompilerThread1"         daemon [_thread_in_native, id=597636, stack(0x0000000fe5f00000,0x0000000fe6000000) (1024K)]
  0x000001aec221c5f0 JavaThread "C2 CompilerThread2"         daemon [_thread_blocked, id=602688, stack(0x0000000fe6600000,0x0000000fe6700000) (1024K)]
  0x000001af09f61da0 JavaThread "ForkJoinPool.commonPool-worker-1" daemon [_thread_blocked, id=603260, stack(0x0000000fe6900000,0x0000000fe6a00000) (1024K)]
Total: 15

Other Threads:
  0x000001aec21e78f0 VMThread "VM Thread"                           [id=547768, stack(0x0000000fe5300000,0x0000000fe5400000) (1024K)]
  0x000001aec21cd600 WatcherThread "VM Periodic Task Thread"        [id=483836, stack(0x0000000fe5200000,0x0000000fe5300000) (1024K)]
  0x000001aea31f1ae0 WorkerThread "GC Thread#0"                     [id=604756, stack(0x0000000fe4d00000,0x0000000fe4e00000) (1024K)]
  0x000001aec2e8e6d0 WorkerThread "GC Thread#1"                     [id=602508, stack(0x0000000fe6000000,0x0000000fe6100000) (1024K)]
  0x000001aec2e8ea80 WorkerThread "GC Thread#2"                     [id=601568, stack(0x0000000fe6100000,0x0000000fe6200000) (1024K)]
  0x000001aec2ecd2c0 WorkerThread "GC Thread#3"                     [id=601228, stack(0x0000000fe6200000,0x0000000fe6300000) (1024K)]
  0x000001aec2ed1a20 WorkerThread "GC Thread#4"                     [id=599028, stack(0x0000000fe6300000,0x0000000fe6400000) (1024K)]
  0x000001aec2ed29f0 WorkerThread "GC Thread#5"                     [id=601500, stack(0x0000000fe6400000,0x0000000fe6500000) (1024K)]
  0x000001aec2f0e900 WorkerThread "GC Thread#6"                     [id=599672, stack(0x0000000fe6500000,0x0000000fe6600000) (1024K)]
  0x000001aec2ee13e0 WorkerThread "GC Thread#7"                     [id=605072, stack(0x0000000fe6700000,0x0000000fe6800000) (1024K)]
  0x000001aea3203a60 ConcurrentGCThread "G1 Main Marker"            [id=604432, stack(0x0000000fe4e00000,0x0000000fe4f00000) (1024K)]
  0x000001aea3204c20 WorkerThread "G1 Conc#0"                       [id=601788, stack(0x0000000fe4f00000,0x0000000fe5000000) (1024K)]
  0x000001af0a1f3130 WorkerThread "G1 Conc#1"                       [id=601456, stack(0x0000000fe6a00000,0x0000000fe6b00000) (1024K)]
  0x000001aec20915e0 ConcurrentGCThread "G1 Refine#0"               [id=598860, stack(0x0000000fe5000000,0x0000000fe5100000) (1024K)]
  0x000001aec2091f70 ConcurrentGCThread "G1 Service"                [id=591484, stack(0x0000000fe5100000,0x0000000fe5200000) (1024K)]
Total: 15

Threads with active compile tasks:
C2 CompilerThread0  4003 2769       4       java.lang.invoke.MethodType::methodType (69 bytes)
C2 CompilerThread1  4003 2820       4       java.lang.invoke.MethodType::makeImpl (109 bytes)
C2 CompilerThread2  4003 2951       4       java.util.ArrayList::<init> (12 bytes)
Total: 3

VM state: not at safepoint (normal execution)

VM Mutex/Monitor currently owned by a thread: None

Heap address: 0x0000000701400000, size: 4076 MB, Compressed Oops mode: Zero based, Oop shift amount: 3

CDS archive(s) mapped at: [0x000001aec3000000-0x000001aec3c60000-0x000001aec3c60000), size 12976128, SharedBaseAddress: 0x000001aec3000000, ArchiveRelocationMode: 1.
Compressed class space mapped at: 0x000001aec4000000-0x000001af04000000, reserved size: 1073741824
Narrow klass base: 0x000001aec3000000, Narrow klass shift: 0, Narrow klass range: 0x41000000

GC Precious Log:
 CardTable entry size: 512
 Card Set container configuration: InlinePtr #cards 4 size 8 Array Of Cards #cards 16 size 48 Howl #buckets 8 coarsen threshold 3686 Howl Bitmap #cards 512 size 80 coarsen threshold 460 Card regions per heap region 1 cards per card region 4096
 CPUs: 8 total, 8 available
 Memory: 16300M
 Large Page Support: Disabled
 NUMA Support: Disabled
 Compressed Oops: Enabled (Zero based)
 Heap Region Size: 2M
 Heap Min Capacity: 8M
 Heap Initial Capacity: 256M
 Heap Max Capacity: 4076M
 Pre-touch: Disabled
 Parallel Workers: 8
 Concurrent Workers: 2
 Concurrent Refinement Workers: 8
 Periodic GC: Disabled

Heap:
 garbage-first heap   total reserved 4173824K, committed 55296K, used 17265K [0x0000000701400000, 0x0000000800000000)
  region size 2048K, 7 young (14336K), 5 survivors (10240K)
 Metaspace       used 21645K, committed 21952K, reserved 1114112K
  class space    used 2596K, committed 2752K, reserved 1048576K

Heap Regions: E=young(eden), S=young(survivor), O=old, HS=humongous(starts), HC=humongous(continues), CS=collection set, F=free, TAMS=top-at-mark-start, PB=parsable bottom
|   0|0x0000000701400000, 0x0000000701600000, 0x0000000701600000|100%| O|  |TAMS 0x0000000701400000| PB 0x0000000701400000| Untracked |  0
|   1|0x0000000701600000, 0x0000000701800000, 0x0000000701800000|100%| O|  |TAMS 0x0000000701600000| PB 0x0000000701600000| Untracked |  0
|   2|0x0000000701800000, 0x00000007018f59c8, 0x0000000701a00000| 47%| O|Cm|TAMS 0x0000000701800000| PB 0x0000000701800000| Complete |  0
|   3|0x0000000701a00000, 0x0000000701a00000, 0x0000000701c00000|  0%| F|  |TAMS 0x0000000701a00000| PB 0x0000000701a00000| Untracked |  0
|   4|0x0000000701c00000, 0x0000000701c00000, 0x0000000701e00000|  0%| F|  |TAMS 0x0000000701c00000| PB 0x0000000701c00000| Untracked |  0
|   5|0x0000000701e00000, 0x0000000701e00000, 0x0000000702000000|  0%| F|  |TAMS 0x0000000701e00000| PB 0x0000000701e00000| Untracked |  0
|   6|0x0000000702000000, 0x0000000702000000, 0x0000000702200000|  0%| F|  |TAMS 0x0000000702000000| PB 0x0000000702000000| Untracked |  0
|   7|0x0000000702200000, 0x0000000702200000, 0x0000000702400000|  0%| F|  |TAMS 0x0000000702200000| PB 0x0000000702200000| Untracked |  0
|   8|0x0000000702400000, 0x0000000702400000, 0x0000000702600000|  0%| F|  |TAMS 0x0000000702400000| PB 0x0000000702400000| Untracked |  0
|   9|0x0000000702600000, 0x0000000702600000, 0x0000000702800000|  0%| F|  |TAMS 0x0000000702600000| PB 0x0000000702600000| Untracked |  0
|  10|0x0000000702800000, 0x0000000702800000, 0x0000000702a00000|  0%| F|  |TAMS 0x0000000702800000| PB 0x0000000702800000| Untracked |  0
|  11|0x0000000702a00000, 0x0000000702a00000, 0x0000000702c00000|  0%| F|  |TAMS 0x0000000702a00000| PB 0x0000000702a00000| Untracked |  0
|  12|0x0000000702c00000, 0x0000000702c00000, 0x0000000702e00000|  0%| F|  |TAMS 0x0000000702c00000| PB 0x0000000702c00000| Untracked |  0
|  13|0x0000000702e00000, 0x0000000702e00000, 0x0000000703000000|  0%| F|  |TAMS 0x0000000702e00000| PB 0x0000000702e00000| Untracked |  0
|  14|0x0000000703000000, 0x0000000703000000, 0x0000000703200000|  0%| F|  |TAMS 0x0000000703000000| PB 0x0000000703000000| Untracked |  0
|  15|0x0000000703200000, 0x0000000703200000, 0x0000000703400000|  0%| F|  |TAMS 0x0000000703200000| PB 0x0000000703200000| Untracked |  0
|  16|0x0000000703400000, 0x0000000703400000, 0x0000000703600000|  0%| F|  |TAMS 0x0000000703400000| PB 0x0000000703400000| Untracked |  0
|  17|0x0000000703600000, 0x0000000703600000, 0x0000000703800000|  0%| F|  |TAMS 0x0000000703600000| PB 0x0000000703600000| Untracked |  0
|  18|0x0000000703800000, 0x0000000703800000, 0x0000000703a00000|  0%| F|  |TAMS 0x0000000703800000| PB 0x0000000703800000| Untracked |  0
|  19|0x0000000703a00000, 0x0000000703a00000, 0x0000000703c00000|  0%| F|  |TAMS 0x0000000703a00000| PB 0x0000000703a00000| Untracked |  0
| 103|0x000000070e200000, 0x000000070e3e6d20, 0x000000070e400000| 95%| S|CS|TAMS 0x000000070e200000| PB 0x000000070e200000| Complete |  0
| 104|0x000000070e400000, 0x000000070e600000, 0x000000070e600000|100%| S|CS|TAMS 0x000000070e400000| PB 0x000000070e400000| Complete |  0
| 105|0x000000070e600000, 0x000000070e800000, 0x000000070e800000|100%| S|CS|TAMS 0x000000070e600000| PB 0x000000070e600000| Complete |  0
| 109|0x000000070ee00000, 0x000000070f000000, 0x000000070f000000|100%| S|CS|TAMS 0x000000070ee00000| PB 0x000000070ee00000| Complete |  0
| 110|0x000000070f000000, 0x000000070f200000, 0x000000070f200000|100%| S|CS|TAMS 0x000000070f000000| PB 0x000000070f000000| Complete |  0
| 126|0x0000000711000000, 0x0000000711100000, 0x0000000711200000| 50%| E|  |TAMS 0x0000000711000000| PB 0x0000000711000000| Complete |  0
| 127|0x0000000711200000, 0x0000000711400000, 0x0000000711400000|100%| E|CS|TAMS 0x0000000711200000| PB 0x0000000711200000| Complete |  0

Card table byte_map: [0x000001aebaff0000,0x000001aebb7f0000] _byte_map_base: 0x000001aeb77e6000

Marking Bits: (CMBitMap*) 0x000001aea31f2100
 Bits: [0x000001aebb7f0000, 0x000001aebf7a0000)

Polling page: 0x000001aea1110000

Metaspace:

Usage:
  Non-class:     18.61 MB used.
      Class:      2.54 MB used.
       Both:     21.14 MB used.

Virtual space:
  Non-class space:       64.00 MB reserved,      18.75 MB ( 29%) committed,  1 nodes.
      Class space:        1.00 GB reserved,       2.69 MB ( <1%) committed,  1 nodes.
             Both:        1.06 GB reserved,      21.44 MB (  2%) committed. 

Chunk freelists:
   Non-Class:  13.10 MB
       Class:  13.22 MB
        Both:  26.32 MB

MaxMetaspaceSize: unlimited
CompressedClassSpaceSize: 1.00 GB
Initial GC threshold: 21.00 MB
Current GC threshold: 35.25 MB
CDS: on
 - commit_granule_bytes: 65536.
 - commit_granule_words: 8192.
 - virtual_space_node_default_size: 8388608.
 - enlarge_chunks_in_place: 1.
 - use_allocation_guard: 0.


Internal statistics:

num_allocs_failed_limit: 3.
num_arena_births: 266.
num_arena_deaths: 0.
num_vsnodes_births: 2.
num_vsnodes_deaths: 0.
num_space_committed: 343.
num_space_uncommitted: 0.
num_chunks_returned_to_freelist: 3.
num_chunks_taken_from_freelist: 824.
num_chunk_merges: 0.
num_chunk_splits: 538.
num_chunks_enlarged: 393.
num_inconsistent_stats: 0.

CodeHeap 'non-profiled nmethods': size=120000Kb used=1425Kb max_used=1425Kb free=118574Kb
 bounds [0x000001aeb2f90000, 0x000001aeb3200000, 0x000001aeba4c0000]
CodeHeap 'profiled nmethods': size=120000Kb used=5812Kb max_used=5812Kb free=114187Kb
 bounds [0x000001aeab4c0000, 0x000001aeaba70000, 0x000001aeb29f0000]
CodeHeap 'non-nmethods': size=5760Kb used=1491Kb max_used=1525Kb free=4268Kb
 bounds [0x000001aeb29f0000, 0x000001aeb2c60000, 0x000001aeb2f90000]
 total_blobs=3512 nmethods=2950 adapters=466
 compilation: enabled
              stopped_count=0, restarted_count=0
 full_count=0

Compilation events (20 events):
Event: 3.868 Thread 0x000001aec221bf20 nmethod 2911 0x000001aeaba5f490 code [0x000001aeaba5f640, 0x000001aeaba5f8d8]
Event: 3.883 Thread 0x000001aec221bf20 2912       3       java.util.TreeMap::fixAfterInsertion (267 bytes)
Event: 3.885 Thread 0x000001aec221bf20 nmethod 2912 0x000001aeaba5f990 code [0x000001aeaba5fe40, 0x000001aeaba622d0]
Event: 3.886 Thread 0x000001aec221bf20 2913       3       sun.invoke.util.VerifyAccess::isModuleAccessible (97 bytes)
Event: 3.886 Thread 0x000001aec221c5f0 2916       4       java.util.Collections$UnmodifiableCollection$1::hasNext (10 bytes)
Event: 3.887 Thread 0x000001aec221bf20 nmethod 2913 0x000001aeaba62f10 code [0x000001aeaba631e0, 0x000001aeaba63e50]
Event: 3.887 Thread 0x000001aec221bf20 2915       1       java.lang.reflect.Field::getName (5 bytes)
Event: 3.887 Thread 0x000001aec221bf20 nmethod 2915 0x000001aeb30e8410 code [0x000001aeb30e85a0, 0x000001aeb30e8670]
Event: 3.887 Thread 0x000001aec221c5f0 nmethod 2916 0x000001aeb30e8710 code [0x000001aeb30e88a0, 0x000001aeb30e89b0]
Event: 3.887 Thread 0x000001aec221c5f0 2886       4       jdk.internal.org.objectweb.asm.SymbolTable::addConstantUtf8Reference (101 bytes)
Event: 3.899 Thread 0x000001aec221bf20 2917       3       java.util.logging.LogManager::getProperty (9 bytes)
Event: 3.900 Thread 0x000001aec221bf20 nmethod 2917 0x000001aeaba64310 code [0x000001aeaba644c0, 0x000001aeaba646a0]
Event: 3.903 Thread 0x000001aec221bf20 2918       1       java.net.InetAddress::holder (5 bytes)
Event: 3.904 Thread 0x000001aec221bf20 nmethod 2918 0x000001aeb30e8a90 code [0x000001aeb30e8c20, 0x000001aeb30e8cf0]
Event: 3.911 Thread 0x000001aec221bf20 2919       3       java.util.jar.JarFile$JarFileEntry::getRealName (5 bytes)
Event: 3.912 Thread 0x000001aec221bf20 nmethod 2919 0x000001aeaba64790 code [0x000001aeaba64920, 0x000001aeaba64a48]
Event: 3.915 Thread 0x000001aec221c5f0 nmethod 2886 0x000001aeb30e8d90 code [0x000001aeb30e8fc0, 0x000001aeb30e9fb0]
Event: 3.916 Thread 0x000001aec221c5f0 2897       4       java.lang.PublicMethods$Key::matches (31 bytes)
Event: 3.918 Thread 0x000001aec221c5f0 nmethod 2897 0x000001aeb30ea690 code [0x000001aeb30ea820, 0x000001aeb30eaa20]
Event: 3.918 Thread 0x000001aec221c5f0 2888       4       jdk.internal.org.objectweb.asm.Frame::execute (2305 bytes)

GC Heap History (4 events):
Event: 0.756 GC heap before
{Heap before GC invocations=0 (full 0):
 garbage-first heap   total reserved 4173824K, committed 262144K, used 22528K [0x0000000701400000, 0x0000000800000000)
  region size 2048K, 12 young (24576K), 0 survivors (0K)
 Metaspace       used 5556K, committed 5696K, reserved 1114112K
  class space    used 548K, committed 640K, reserved 1048576K
}
Event: 0.760 GC heap after
{Heap after GC invocations=1 (full 0):
 garbage-first heap   total reserved 4173824K, committed 262144K, used 4953K [0x0000000701400000, 0x0000000800000000)
  region size 2048K, 2 young (4096K), 2 survivors (4096K)
 Metaspace       used 5556K, committed 5696K, reserved 1114112K
  class space    used 548K, committed 640K, reserved 1048576K
}
Event: 1.621 GC heap before
{Heap before GC invocations=1 (full 0):
 garbage-first heap   total reserved 4173824K, committed 262144K, used 37721K [0x0000000701400000, 0x0000000800000000)
  region size 2048K, 19 young (38912K), 2 survivors (4096K)
 Metaspace       used 13510K, committed 13696K, reserved 1114112K
  class space    used 1532K, committed 1600K, reserved 1048576K
}
Event: 1.629 GC heap after
{Heap after GC invocations=2 (full 0):
 garbage-first heap   total reserved 4173824K, committed 262144K, used 11222K [0x0000000701400000, 0x0000000800000000)
  region size 2048K, 3 young (6144K), 3 survivors (6144K)
 Metaspace       used 13510K, committed 13696K, reserved 1114112K
  class space    used 1532K, committed 1600K, reserved 1048576K
}

Dll operation events (14 events):
Event: 0.013 Loaded shared library C:\Users\Vitaliy\.jdks\openjdk-22.0.2\bin\java.dll
Event: 0.046 Loaded shared library C:\Users\Vitaliy\.jdks\openjdk-22.0.2\bin\jsvml.dll
Event: 0.131 Loaded shared library C:\Users\Vitaliy\.jdks\openjdk-22.0.2\bin\zip.dll
Event: 0.135 Loaded shared library C:\Users\Vitaliy\.jdks\openjdk-22.0.2\bin\instrument.dll
Event: 0.139 Loaded shared library C:\Users\Vitaliy\.jdks\openjdk-22.0.2\bin\net.dll
Event: 0.141 Loaded shared library C:\Users\Vitaliy\.jdks\openjdk-22.0.2\bin\nio.dll
Event: 0.147 Loaded shared library C:\Users\Vitaliy\.jdks\openjdk-22.0.2\bin\zip.dll
Event: 0.158 Loaded shared library C:\Program Files\JetBrains\IntelliJ IDEA Community Edition 2024.2.1\bin\breakgen64.dll
Event: 0.172 Loaded shared library C:\Users\Vitaliy\.jdks\openjdk-22.0.2\bin\extnet.dll
Event: 0.313 Loaded shared library C:\Users\Vitaliy\.jdks\openjdk-22.0.2\bin\jimage.dll
Event: 1.431 Loaded shared library C:\Users\Vitaliy\.jdks\openjdk-22.0.2\bin\verify.dll
Event: 1.946 Loaded shared library C:\Users\Vitaliy\.jdks\openjdk-22.0.2\bin\sunmscapi.dll
Event: 3.756 Loaded shared library C:\Users\Vitaliy\.jdks\openjdk-22.0.2\bin\management.dll
Event: 3.758 Loaded shared library C:\Users\Vitaliy\.jdks\openjdk-22.0.2\bin\management_ext.dll

Deoptimization events (20 events):
Event: 3.861 Thread 0x000001aea0fbbc20 Uncommon trap: trap_request=0xffffff45 fr.pc=0x000001aeb30c2a1c relative=0x00000000000000fc
Event: 3.861 Thread 0x000001aea0fbbc20 Uncommon trap: reason=unstable_if action=reinterpret pc=0x000001aeb30c2a1c method=java.lang.ThreadLocal$ThreadLocalMap.getEntry(Ljava/lang/ThreadLocal;)Ljava/lang/ThreadLocal$ThreadLocalMap$Entry; @ 29 c2
Event: 3.861 Thread 0x000001aea0fbbc20 DEOPT PACKING pc=0x000001aeb30c2a1c sp=0x0000000fe4cfc7e0
Event: 3.861 Thread 0x000001aea0fbbc20 DEOPT UNPACKING pc=0x000001aeb2a446a2 sp=0x0000000fe4cfc780 mode 2
Event: 3.882 Thread 0x000001aea0fbbc20 Uncommon trap: trap_request=0xffffffc6 fr.pc=0x000001aeb30e12b8 relative=0x0000000000000098
Event: 3.882 Thread 0x000001aea0fbbc20 Uncommon trap: reason=bimorphic_or_optimized_type_check action=maybe_recompile pc=0x000001aeb30e12b8 method=java.util.Collections$UnmodifiableCollection$1.hasNext()Z @ 4 c2
Event: 3.882 Thread 0x000001aea0fbbc20 DEOPT PACKING pc=0x000001aeb30e12b8 sp=0x0000000fe4cfc000
Event: 3.883 Thread 0x000001aea0fbbc20 DEOPT UNPACKING pc=0x000001aeb2a446a2 sp=0x0000000fe4cfbf90 mode 2
Event: 3.883 Thread 0x000001aea0fbbc20 Uncommon trap: trap_request=0xffffffc6 fr.pc=0x000001aeb30e12b8 relative=0x0000000000000098
Event: 3.883 Thread 0x000001aea0fbbc20 Uncommon trap: reason=bimorphic_or_optimized_type_check action=maybe_recompile pc=0x000001aeb30e12b8 method=java.util.Collections$UnmodifiableCollection$1.hasNext()Z @ 4 c2
Event: 3.883 Thread 0x000001aea0fbbc20 DEOPT PACKING pc=0x000001aeb30e12b8 sp=0x0000000fe4cfc000
Event: 3.883 Thread 0x000001aea0fbbc20 DEOPT UNPACKING pc=0x000001aeb2a446a2 sp=0x0000000fe4cfbf90 mode 2
Event: 3.883 Thread 0x000001aea0fbbc20 Uncommon trap: trap_request=0xffffffc6 fr.pc=0x000001aeb30e12b8 relative=0x0000000000000098
Event: 3.883 Thread 0x000001aea0fbbc20 Uncommon trap: reason=bimorphic_or_optimized_type_check action=maybe_recompile pc=0x000001aeb30e12b8 method=java.util.Collections$UnmodifiableCollection$1.hasNext()Z @ 4 c2
Event: 3.883 Thread 0x000001aea0fbbc20 DEOPT PACKING pc=0x000001aeb30e12b8 sp=0x0000000fe4cfc000
Event: 3.883 Thread 0x000001aea0fbbc20 DEOPT UNPACKING pc=0x000001aeb2a446a2 sp=0x0000000fe4cfbf90 mode 2
Event: 3.883 Thread 0x000001aea0fbbc20 Uncommon trap: trap_request=0xffffffc6 fr.pc=0x000001aeb30e12b8 relative=0x0000000000000098
Event: 3.883 Thread 0x000001aea0fbbc20 Uncommon trap: reason=bimorphic_or_optimized_type_check action=maybe_recompile pc=0x000001aeb30e12b8 method=java.util.Collections$UnmodifiableCollection$1.hasNext()Z @ 4 c2
Event: 3.883 Thread 0x000001aea0fbbc20 DEOPT PACKING pc=0x000001aeb30e12b8 sp=0x0000000fe4cfc000
Event: 3.883 Thread 0x000001aea0fbbc20 DEOPT UNPACKING pc=0x000001aeb2a446a2 sp=0x0000000fe4cfbf90 mode 2

Classes loaded (20 events):
Event: 3.841 Loading class java/awt/Transparency done
Event: 3.841 Loading class java/awt/Image
Event: 3.841 Loading class java/awt/Image done
Event: 3.841 Loading class java/awt/image/BufferedImage done
Event: 3.881 Loading class java/util/regex/Pattern$Pos
Event: 3.881 Loading class java/util/regex/Pattern$Pos done
Event: 3.901 Loading class java/net/ServerSocket
Event: 3.902 Loading class java/net/ServerSocket done
Event: 3.904 Loading class java/lang/IllegalThreadStateException
Event: 3.904 Loading class java/lang/IllegalThreadStateException done
Event: 3.904 Loading class java/io/OutputStream$1
Event: 3.904 Loading class java/io/OutputStream$1 done
Event: 3.905 Loading class java/util/concurrent/Executors
Event: 3.905 Loading class java/util/concurrent/Executors done
Event: 3.905 Loading class java/util/concurrent/ThreadPoolExecutor
Event: 3.905 Loading class java/util/concurrent/ThreadPoolExecutor done
Event: 3.905 Loading class java/util/concurrent/ThreadPoolExecutor$AbortPolicy
Event: 3.905 Loading class java/util/concurrent/RejectedExecutionHandler
Event: 3.905 Loading class java/util/concurrent/RejectedExecutionHandler done
Event: 3.905 Loading class java/util/concurrent/ThreadPoolExecutor$AbortPolicy done

Classes unloaded (0 events):
No events

Classes redefined (0 events):
No events

Internal exceptions (20 events):
Event: 1.701 Thread 0x000001aea0fbbc20 Exception <a 'java/lang/NoSuchMethodError'{0x0000000710dcfd50}: 'java.lang.Object java.lang.invoke.DirectMethodHandle$Holder.invokeVirtual(java.lang.Object, java.lang.Object, java.lang.Object, java.lang.Object)'> (0x0000000710dcfd50) 
thrown [s\open\src\hotspot\share\interpreter\linkResolver.cpp, line 774]
Event: 2.525 Thread 0x000001aea0fbbc20 Exception <a 'java/lang/NoSuchMethodError'{0x00000007104bdc10}: 'void java.lang.invoke.Invokers$Holder.invokeExact_MT(java.lang.Object, java.lang.Object, java.lang.Object, java.lang.Object)'> (0x00000007104bdc10) 
thrown [s\open\src\hotspot\share\interpreter\linkResolver.cpp, line 774]
Event: 2.625 Thread 0x000001aea0fbbc20 Exception <a 'java/lang/NoSuchMethodError'{0x00000007101f0660}: 'java.lang.Object java.lang.invoke.DirectMethodHandle$Holder.invokeStatic(java.lang.Object, java.lang.Object, int, java.lang.Object)'> (0x00000007101f0660) 
thrown [s\open\src\hotspot\share\interpreter\linkResolver.cpp, line 774]
Event: 2.626 Thread 0x000001aea0fbbc20 Exception <a 'java/lang/NoSuchMethodError'{0x00000007101f7338}: 'java.lang.Object java.lang.invoke.DirectMethodHandle$Holder.newInvokeSpecial(java.lang.Object, java.lang.Object, int, java.lang.Object)'> (0x00000007101f7338) 
thrown [s\open\src\hotspot\share\interpreter\linkResolver.cpp, line 774]
Event: 2.627 Thread 0x000001aea0fbbc20 Exception <a 'java/lang/NoSuchMethodError'{0x00000007101fb640}: 'java.lang.Object java.lang.invoke.DirectMethodHandle$Holder.invokeSpecial(java.lang.Object, java.lang.Object, java.lang.Object, int, java.lang.Object)'> (0x00000007101fb640) 
thrown [s\open\src\hotspot\share\interpreter\linkResolver.cpp, line 774]
Event: 2.640 Thread 0x000001aea0fbbc20 Exception <a 'java/lang/IncompatibleClassChangeError'{0x000000070fe43ce0}: Found class java.lang.Object, but interface was expected> (0x000000070fe43ce0) 
thrown [s\open\src\hotspot\share\interpreter\linkResolver.cpp, line 841]
Event: 2.971 Thread 0x000001aea0fbbc20 Exception <a 'sun/nio/fs/WindowsException'{0x000000070fffa420}> (0x000000070fffa420) 
thrown [s\open\src\hotspot\share\prims\jni.cpp, line 520]
Event: 3.528 Thread 0x000001aea0fbbc20 Exception <a 'sun/nio/fs/WindowsException'{0x000000070fa48f50}> (0x000000070fa48f50) 
thrown [s\open\src\hotspot\share\prims\jni.cpp, line 520]
Event: 3.529 Thread 0x000001aea0fbbc20 Exception <a 'sun/nio/fs/WindowsException'{0x000000070fa4e748}> (0x000000070fa4e748) 
thrown [s\open\src\hotspot\share\prims\jni.cpp, line 520]
Event: 3.532 Thread 0x000001aea0fbbc20 Exception <a 'sun/nio/fs/WindowsException'{0x000000070fa53eb8}> (0x000000070fa53eb8) 
thrown [s\open\src\hotspot\share\prims\jni.cpp, line 520]
Event: 3.699 Thread 0x000001aea0fbbc20 Exception <a 'java/lang/NoSuchMethodError'{0x000000070fa82f40}: 'void java.lang.invoke.DirectMethodHandle$Holder.invokeStaticInit(java.lang.Object, java.lang.Object)'> (0x000000070fa82f40) 
thrown [s\open\src\hotspot\share\interpreter\linkResolver.cpp, line 774]
Event: 3.705 Thread 0x000001aea0fbbc20 Exception <a 'java/lang/NoSuchMethodError'{0x000000070fab7418}: 'java.lang.Object java.lang.invoke.DirectMethodHandle$Holder.newInvokeSpecial(java.lang.Object, int, java.lang.Object)'> (0x000000070fab7418) 
thrown [s\open\src\hotspot\share\interpreter\linkResolver.cpp, line 774]
Event: 3.706 Thread 0x000001aea0fbbc20 Exception <a 'java/lang/NoSuchMethodError'{0x000000070fabdcd8}: 'void java.lang.invoke.DirectMethodHandle$Holder.invokeStatic(java.lang.Object, java.lang.Object, java.lang.Object, java.lang.Object, java.lang.Object, java.lang.Object)'> (0x000000070fabdcd8) 
thrown [s\open\src\hotspot\share\interpreter\linkResolver.cpp, line 774]
Event: 3.728 Thread 0x000001aea0fbbc20 Exception <a 'java/lang/NoSuchMethodError'{0x000000070fb5eb40}: 'java.lang.Object java.lang.invoke.DirectMethodHandle$Holder.newInvokeSpecial(java.lang.Object, java.lang.Object, java.lang.Object, java.lang.Object, java.lang.Object, java.lang.Object, java.lang.Object)'> (0x000000070fb5eb40) 
thrown [s\open\src\hotspot\share\interpreter\linkResolver.cpp, line 774]
Event: 3.730 Thread 0x000001aea0fbbc20 Exception <a 'java/lang/NoSuchMethodError'{0x000000070fb6dd70}: 'java.lang.Object java.lang.invoke.DirectMethodHandle$Holder.invokeInterface(java.lang.Object, java.lang.Object, java.lang.Object, java.lang.Object, java.lang.Object)'> (0x000000070fb6dd70) 
thrown [s\open\src\hotspot\share\interpreter\linkResolver.cpp, line 774]
Event: 3.730 Thread 0x000001aea0fbbc20 Exception <a 'java/lang/IncompatibleClassChangeError'{0x000000070fb718a8}: Found class java.lang.Object, but interface was expected> (0x000000070fb718a8) 
thrown [s\open\src\hotspot\share\interpreter\linkResolver.cpp, line 841]
Event: 3.774 Thread 0x000001aea0fbbc20 Exception <a 'java/lang/IncompatibleClassChangeError'{0x000000070f956bb8}: Found class java.lang.Object, but interface was expected> (0x000000070f956bb8) 
thrown [s\open\src\hotspot\share\interpreter\linkResolver.cpp, line 841]
Event: 3.775 Thread 0x000001aea0fbbc20 Exception <a 'java/lang/IncompatibleClassChangeError'{0x000000070f959b00}: Found class java.lang.Object, but interface was expected> (0x000000070f959b00) 
thrown [s\open\src\hotspot\share\interpreter\linkResolver.cpp, line 841]
Event: 3.775 Thread 0x000001aea0fbbc20 Exception <a 'java/lang/IncompatibleClassChangeError'{0x000000070f960700}: Found class java.lang.Object, but interface was expected> (0x000000070f960700) 
thrown [s\open\src\hotspot\share\interpreter\linkResolver.cpp, line 841]
Event: 3.775 Thread 0x000001aea0fbbc20 Exception <a 'java/lang/IncompatibleClassChangeError'{0x000000070f963670}: Found class java.lang.Object, but interface was expected> (0x000000070f963670) 
thrown [s\open\src\hotspot\share\interpreter\linkResolver.cpp, line 841]

ZGC Phase Switch (0 events):
No events

VM Operations (20 events):
Event: 1.262 Executing VM operation: HandshakeAllThreads (Deoptimize)
Event: 1.262 Executing VM operation: HandshakeAllThreads (Deoptimize) done
Event: 1.327 Executing VM operation: HandshakeAllThreads (Deoptimize)
Event: 1.327 Executing VM operation: HandshakeAllThreads (Deoptimize) done
Event: 1.339 Executing VM operation: ICBufferFull
Event: 1.339 Executing VM operation: ICBufferFull done
Event: 1.349 Executing VM operation: HandshakeAllThreads (Deoptimize)
Event: 1.349 Executing VM operation: HandshakeAllThreads (Deoptimize) done
Event: 1.584 Executing VM operation: HandshakeAllThreads (Deoptimize)
Event: 1.584 Executing VM operation: HandshakeAllThreads (Deoptimize) done
Event: 1.621 Executing VM operation: G1CollectForAllocation (G1 Evacuation Pause)
Event: 1.629 Executing VM operation: G1CollectForAllocation (G1 Evacuation Pause) done
Event: 2.005 Executing VM operation: HandshakeAllThreads (Deoptimize)
Event: 2.005 Executing VM operation: HandshakeAllThreads (Deoptimize) done
Event: 2.654 Executing VM operation: ICBufferFull
Event: 2.654 Executing VM operation: ICBufferFull done
Event: 3.660 Executing VM operation: Cleanup
Event: 3.660 Executing VM operation: Cleanup done
Event: 3.831 Executing VM operation: HandshakeAllThreads (Deoptimize)
Event: 3.831 Executing VM operation: HandshakeAllThreads (Deoptimize) done

Memory protections (0 events):
No events

Nmethod flushes (0 events):
No events

Events (20 events):
Event: 0.044 Thread 0x000001aea0fbbc20 Thread added: 0x000001aec220c990
Event: 0.044 Thread 0x000001aea0fbbc20 Thread added: 0x000001aec220db90
Event: 0.044 Thread 0x000001aea0fbbc20 Thread added: 0x000001aec2211df0
Event: 0.044 Thread 0x000001aea0fbbc20 Thread added: 0x000001aec2218870
Event: 0.044 Thread 0x000001aea0fbbc20 Thread added: 0x000001aec221bf20
Event: 0.106 Thread 0x000001aea0fbbc20 Thread added: 0x000001aec243d0b0
Event: 0.159 Thread 0x000001aea0fbbc20 Thread added: 0x000001aec257b170
Event: 0.159 Thread 0x000001aea0fbbc20 Thread added: 0x000001aec25daa20
Event: 0.217 Thread 0x000001aec221bf20 Thread added: 0x000001aec221c5f0
Event: 0.224 Thread 0x000001aec221c5f0 Thread added: 0x000001aec221ccc0
Event: 0.572 Thread 0x000001aec221ccc0 Thread exited: 0x000001aec221ccc0
Event: 1.455 Thread 0x000001aec2218870 Thread added: 0x000001aec221eed0
Event: 1.939 Thread 0x000001aec221eed0 Thread exited: 0x000001aec221eed0
Event: 1.939 Thread 0x000001aec221c5f0 Thread exited: 0x000001aec221c5f0
Event: 2.087 Thread 0x000001aec221bf20 Thread added: 0x000001aec221eed0
Event: 2.089 Thread 0x000001aec221bf20 Thread added: 0x000001aec221c5f0
Event: 2.529 Thread 0x000001aec221c5f0 Thread exited: 0x000001aec221c5f0
Event: 2.566 Thread 0x000001aec221bf20 Thread added: 0x000001aec221c5f0
Event: 3.127 Thread 0x000001aec221c5f0 Thread exited: 0x000001aec221c5f0
Event: 3.886 Thread 0x000001aec221bf20 Thread added: 0x000001aec221c5f0


Dynamic libraries:
0x00007ff655d80000 - 0x00007ff655d8e000 	C:\Users\Vitaliy\.jdks\openjdk-22.0.2\bin\java.exe
0x00007ffc5b310000 - 0x00007ffc5b527000 	C:\Windows\SYSTEM32\ntdll.dll
0x00007ffc5aa50000 - 0x00007ffc5ab14000 	C:\Windows\System32\KERNEL32.DLL
0x00007ffc58c50000 - 0x00007ffc59007000 	C:\Windows\System32\KERNELBASE.dll
0x00007ffc58b30000 - 0x00007ffc58c41000 	C:\Windows\System32\ucrtbase.dll
0x00007ffc4ab40000 - 0x00007ffc4ab57000 	C:\Users\Vitaliy\.jdks\openjdk-22.0.2\bin\jli.dll
0x00007ffc4aa70000 - 0x00007ffc4aa8b000 	C:\Users\Vitaliy\.jdks\openjdk-22.0.2\bin\VCRUNTIME140.dll
0x00007ffc59330000 - 0x00007ffc594df000 	C:\Windows\System32\USER32.dll
0x00007ffc58620000 - 0x00007ffc58646000 	C:\Windows\System32\win32u.dll
0x00007ffc42230000 - 0x00007ffc424c3000 	C:\Windows\WinSxS\amd64_microsoft.windows.common-controls_6595b64144ccf1df_6.0.22621.3672_none_2713b9d173822955\COMCTL32.dll
0x00007ffc59670000 - 0x00007ffc59717000 	C:\Windows\System32\msvcrt.dll
0x00007ffc5a080000 - 0x00007ffc5a0a9000 	C:\Windows\System32\GDI32.dll
0x00007ffc58a10000 - 0x00007ffc58b28000 	C:\Windows\System32\gdi32full.dll
0x00007ffc58650000 - 0x00007ffc586ea000 	C:\Windows\System32\msvcp_win.dll
0x00007ffc5b180000 - 0x00007ffc5b1b1000 	C:\Windows\System32\IMM32.DLL
0x00007ffc4a180000 - 0x00007ffc4a18c000 	C:\Users\Vitaliy\.jdks\openjdk-22.0.2\bin\vcruntime140_1.dll
0x00007ffc34c50000 - 0x00007ffc34cde000 	C:\Users\Vitaliy\.jdks\openjdk-22.0.2\bin\msvcp140.dll
0x00007ffc255f0000 - 0x00007ffc26339000 	C:\Users\Vitaliy\.jdks\openjdk-22.0.2\bin\server\jvm.dll
0x00007ffc5a6d0000 - 0x00007ffc5a782000 	C:\Windows\System32\ADVAPI32.dll
0x00007ffc591b0000 - 0x00007ffc59258000 	C:\Windows\System32\sechost.dll
0x00007ffc59010000 - 0x00007ffc59038000 	C:\Windows\System32\bcrypt.dll
0x00007ffc5a0b0000 - 0x00007ffc5a1c4000 	C:\Windows\System32\RPCRT4.dll
0x00007ffc5b1c0000 - 0x00007ffc5b231000 	C:\Windows\System32\WS2_32.dll
0x00007ffc57db0000 - 0x00007ffc57dfd000 	C:\Windows\SYSTEM32\POWRPROF.dll
0x00007ffc4dfd0000 - 0x00007ffc4dfda000 	C:\Windows\SYSTEM32\VERSION.dll
0x00007ffc536a0000 - 0x00007ffc536d4000 	C:\Windows\SYSTEM32\WINMM.dll
0x00007ffc57d90000 - 0x00007ffc57da3000 	C:\Windows\SYSTEM32\UMPDC.dll
0x00007ffc57630000 - 0x00007ffc57648000 	C:\Windows\SYSTEM32\kernel.appcore.dll
0x00007ffc4a170000 - 0x00007ffc4a17a000 	C:\Users\Vitaliy\.jdks\openjdk-22.0.2\bin\jimage.dll
0x00007ffc3f870000 - 0x00007ffc3faa2000 	C:\Windows\SYSTEM32\DBGHELP.DLL
0x00007ffc5a1d0000 - 0x00007ffc5a55e000 	C:\Windows\System32\combase.dll
0x00007ffc59fa0000 - 0x00007ffc5a077000 	C:\Windows\System32\OLEAUT32.dll
0x00007ffc4bb40000 - 0x00007ffc4bb72000 	C:\Windows\SYSTEM32\dbgcore.DLL
0x00007ffc58820000 - 0x00007ffc5889b000 	C:\Windows\System32\bcryptPrimitives.dll
0x00007ffc48940000 - 0x00007ffc4894f000 	C:\Users\Vitaliy\.jdks\openjdk-22.0.2\bin\instrument.dll
0x00007ffc49230000 - 0x00007ffc4924e000 	C:\Users\Vitaliy\.jdks\openjdk-22.0.2\bin\java.dll
0x00007ffc59720000 - 0x00007ffc59f89000 	C:\Windows\System32\SHELL32.dll
0x00007ffc5a790000 - 0x00007ffc5a935000 	C:\Windows\System32\ole32.dll
0x00007ffc56540000 - 0x00007ffc56e3f000 	C:\Windows\SYSTEM32\windows.storage.dll
0x00007ffc56400000 - 0x00007ffc5653f000 	C:\Windows\SYSTEM32\wintypes.dll
0x00007ffc59570000 - 0x00007ffc59669000 	C:\Windows\System32\SHCORE.dll
0x00007ffc59140000 - 0x00007ffc5919e000 	C:\Windows\System32\shlwapi.dll
0x00007ffc58550000 - 0x00007ffc58577000 	C:\Windows\SYSTEM32\profapi.dll
0x00007ffc34b70000 - 0x00007ffc34c47000 	C:\Users\Vitaliy\.jdks\openjdk-22.0.2\bin\jsvml.dll
0x00007ffc46250000 - 0x00007ffc46267000 	C:\Users\Vitaliy\.jdks\openjdk-22.0.2\bin\zip.dll
0x00007ffc49340000 - 0x00007ffc49350000 	C:\Users\Vitaliy\.jdks\openjdk-22.0.2\bin\net.dll
0x00007ffc57a90000 - 0x00007ffc57af9000 	C:\Windows\system32\mswsock.dll
0x00007ffc46270000 - 0x00007ffc46286000 	C:\Users\Vitaliy\.jdks\openjdk-22.0.2\bin\nio.dll
0x00007ffc43ca0000 - 0x00007ffc43cba000 	C:\Program Files\JetBrains\IntelliJ IDEA Community Edition 2024.2.1\bin\breakgen64.dll
0x00007ffc44e60000 - 0x00007ffc44e69000 	C:\Users\Vitaliy\.jdks\openjdk-22.0.2\bin\extnet.dll
0x00007ffc57ed0000 - 0x00007ffc57eeb000 	C:\Windows\SYSTEM32\CRYPTSP.dll
0x00007ffc57590000 - 0x00007ffc575c5000 	C:\Windows\system32\rsaenh.dll
0x00007ffc57b30000 - 0x00007ffc57b58000 	C:\Windows\SYSTEM32\USERENV.dll
0x00007ffc57eb0000 - 0x00007ffc57ebc000 	C:\Windows\SYSTEM32\CRYPTBASE.dll
0x00007ffc570a0000 - 0x00007ffc570cd000 	C:\Windows\SYSTEM32\IPHLPAPI.DLL
0x00007ffc59f90000 - 0x00007ffc59f99000 	C:\Windows\System32\NSI.dll
0x00007ffc43c90000 - 0x00007ffc43ca0000 	C:\Users\Vitaliy\.jdks\openjdk-22.0.2\bin\verify.dll
0x00007ffc57110000 - 0x00007ffc57212000 	C:\Windows\SYSTEM32\DNSAPI.dll
0x00007ffc506e0000 - 0x00007ffc506ea000 	C:\Windows\System32\rasadhlp.dll
0x00007ffc510c0000 - 0x00007ffc51143000 	C:\Windows\System32\fwpuclnt.dll
0x00007ffc44f10000 - 0x00007ffc44f1e000 	C:\Users\Vitaliy\.jdks\openjdk-22.0.2\bin\sunmscapi.dll
0x00007ffc588a0000 - 0x00007ffc58a06000 	C:\Windows\System32\CRYPT32.dll
0x00007ffc57fe0000 - 0x00007ffc5800d000 	C:\Windows\SYSTEM32\ncrypt.dll
0x00007ffc57fa0000 - 0x00007ffc57fd7000 	C:\Windows\SYSTEM32\NTASN1.dll
0x00007ffc18410000 - 0x00007ffc18427000 	C:\Windows\system32\napinsp.dll
0x00007ffc18430000 - 0x00007ffc1844b000 	C:\Windows\system32\pnrpnsp.dll
0x00007ffc18450000 - 0x00007ffc18461000 	C:\Windows\System32\winrnr.dll
0x00007ffc512a0000 - 0x00007ffc512b5000 	C:\Windows\system32\wshbth.dll
0x00007ffc18470000 - 0x00007ffc18497000 	C:\Windows\system32\nlansp_c.dll
0x00007ffc47570000 - 0x00007ffc4757a000 	C:\Users\Vitaliy\.jdks\openjdk-22.0.2\bin\management.dll
0x00007ffc47160000 - 0x00007ffc4716b000 	C:\Users\Vitaliy\.jdks\openjdk-22.0.2\bin\management_ext.dll
0x00007ffc591a0000 - 0x00007ffc591a8000 	C:\Windows\System32\PSAPI.DLL

dbghelp: loaded successfully - version: 4.0.5 - missing functions: none
symbol engine: initialized successfully - sym options: 0x614 - pdb path: .;C:\Users\Vitaliy\.jdks\openjdk-22.0.2\bin;C:\Windows\SYSTEM32;C:\Windows\WinSxS\amd64_microsoft.windows.common-controls_6595b64144ccf1df_6.0.22621.3672_none_2713b9d173822955;C:\Users\Vitaliy\.jdks\openjdk-22.0.2\bin\server;C:\Program Files\JetBrains\IntelliJ IDEA Community Edition 2024.2.1\bin

VM Arguments:
jvm_args: -ea -Didea.test.cyclic.buffer.size=1048576 -javaagent:C:\Program Files\JetBrains\IntelliJ IDEA Community Edition 2024.2.1\lib\idea_rt.jar=62787:C:\Program Files\JetBrains\IntelliJ IDEA Community Edition 2024.2.1\bin -Dfile.encoding=UTF-8 -Dsun.stdout.encoding=UTF-8 -Dsun.stderr.encoding=UTF-8 
java_command: com.intellij.rt.junit.JUnitStarter -ideVersion5 -junit5 OpenPage.RulesTest,testAirRules
java_class_path (initial): C:\Program Files\JetBrains\IntelliJ IDEA Community Edition 2024.2.1\lib\idea_rt.jar;C:\Program Files\JetBrains\IntelliJ IDEA Community Edition 2024.2.1\plugins\junit\lib\junit5-rt.jar;C:\Program Files\JetBrains\IntelliJ IDEA Community Edition 2024.2.1\plugins\junit\lib\junit-rt.jar;C:\Users\Vitaliy\AndroidStudioProjects\UralAvialiniy\target\test-classes;C:\Users\Vitaliy\.m2\repository\com\codeborne\selenide\7.5.1\selenide-7.5.1.jar;C:\Users\Vitaliy\.m2\repository\org\seleniumhq\selenium\selenium-java\4.25.0\selenium-java-4.25.0.jar;C:\Users\Vitaliy\.m2\repository\org\seleniumhq\selenium\selenium-api\4.25.0\selenium-api-4.25.0.jar;C:\Users\Vitaliy\.m2\repository\org\jspecify\jspecify\1.0.0\jspecify-1.0.0.jar;C:\Users\Vitaliy\.m2\repository\org\seleniumhq\selenium\selenium-chrome-driver\4.25.0\selenium-chrome-driver-4.25.0.jar;C:\Users\Vitaliy\.m2\repository\com\google\auto\service\auto-service-annotations\1.1.1\auto-service-annotations-1.1.1.jar;C:\Users\Vitaliy\.m2\repository\org\seleniumhq\selenium\selenium-chromium-driver\4.25.0\selenium-chromium-driver-4.25.0.jar;C:\Users\Vitaliy\.m2\repository\org\seleniumhq\selenium\selenium-json\4.25.0\selenium-json-4.25.0.jar;C:\Users\Vitaliy\.m2\repository\org\seleniumhq\selenium\selenium-manager\4.25.0\selenium-manager-4.25.0.jar;C:\Users\Vitaliy\.m2\repository\org\seleniumhq\selenium\selenium-devtools-v127\4.25.0\selenium-devtools-v127-4.25.0.jar;C:\Users\Vitaliy\.m2\repository\org\seleniumhq\selenium\selenium-devtools-v128\4.25.0\selenium-devtools-v128-4.25.0.jar;C:\Users\Vitaliy\.m2\repository\org\seleniumhq\selenium\selenium-devtools-v129\4.25.0\selenium-devtools-v129-4.25.0.jar;C:\Users\Vitaliy\.m2\repository\org\seleniumhq\selenium\selenium-devtools-v85\4.25.0\selenium-devtools-v85-4.25.0.jar;C:\Users\Vitaliy\.m2\repository\org\seleniumhq\selenium\selenium-edge-driver\4.25.0\selenium-edge-driver-4.25.0.jar;C:\Users\Vitaliy\.m2\repository\org\seleniumhq\selenium\selenium-firefox-driver\4.25.0\selenium-firefox-driver-4.25.0.jar;C:\Users\Vitaliy\.m2\repository\org\seleniumhq\selenium\selenium-http\4.25.0\selenium-http-4.25.0.jar;C:\Users\Vitaliy\.m2\repository\dev\failsafe\failsafe\3.3.2\failsafe-3.3.2.jar;C:\Users\Vitaliy\.m2\repository\org\seleniumhq\selenium\selenium-ie-driver\4.25.0\selenium-ie-driver-4.25.0.jar;C:\Users\Vitaliy\.m2\repository\org\seleniumhq\selenium\selenium-remote-driver\4.25.0\selenium-remote-driver-4.25.0.jar;C:\Users\Vitaliy\.m2\repository\io\opentelemetry\semconv\opentelemetry-semconv\1.25.0-alpha\opentelemetry-semconv-1.25.0-alpha.jar;C:\Users\Vitaliy\.m2\repository\io\opentelemetry\opentelemetry-api\1.42.1\opentelemetry-api-1.42.1.jar;C:\Users\Vitaliy\.m2\repository\io\opentelemetry\opentelemetry-context\1.42.1\opentelemetry-context-1.42.1.jar;C:\Users\Vitaliy\.m2\repository\io\opentelemetry\opentelemetry-exporter-logging\1.42.1\opentelemetry-exporter-logging-1.42.1.jar;C:\Users\Vitaliy\.m2\repository\io\opentelemetry\opentelemetry-sdk-common\1.42.1\opentelemetry-sdk-common-1.42.1.jar;C:\Users\Vitaliy\.m2\repository\io\opentelemetry\opentelemetry-sdk-extension-autoconfigure-spi\1.42.1\opentelemetry-sdk-extension-autoconfigure-spi-1.42.1.jar;C:\Users\Vitaliy\.m2\repository\io\opentelemetry\opentelemetry-sdk-extension-autoconfigure\1.42.1\opentelemetry-sdk-extension-autoconfigure-1.42.1.jar;C:\Users\Vitaliy\.m2\repository\io\opentelemetry\opentelemetry-api-incubator\1.42.1-alpha\opentelemetry-api-incubator-1.42.1-alpha.jar;C:\Users\Vitaliy\.m2\repository\io\opentelemetry\opentelemetry-sdk-trace\1.42.1\opentelemetry-sdk-trace-1.42.1.jar;C:\Users\Vitaliy\.m2\repository\io\opentelemetry\opentelemetry-sdk\1.42.1\opentelemetry-sdk-1.42.1.jar;C:\Users\Vitaliy\.m2\repository\io\opentelemetry\opentelemetry-sdk-metrics\1.42.1\opentelemetry-sdk-metrics-1.42.1.jar;C:\Users\Vitaliy\.m2\repository\io\opentelemetry\opentelemetry-sdk-logs\1.42.1\opentelemetry-sdk-logs-1.42.1.jar;C:\Users\Vitaliy\.m2\repository\net\bytebuddy\byte-buddy\1.15.1\byte-buddy-1.15.1.jar;C:\Users\Vitaliy\.m2\repository\org\seleniumhq\selenium\selenium-os\4.25.0\selenium-os-4.25.0.jar;C:\Users\Vitaliy\.m2\repository\org\apache\commons\commons-exec\1.4.0\commons-exec-1.4.0.jar;C:\Users\Vitaliy\.m2\repository\org\seleniumhq\selenium\selenium-safari-driver\4.25.0\selenium-safari-driver-4.25.0.jar;C:\Users\Vitaliy\.m2\repository\org\seleniumhq\selenium\selenium-support\4.25.0\selenium-support-4.25.0.jar;C:\Users\Vitaliy\.m2\repository\org\slf4j\slf4j-api\2.0.16\slf4j-api-2.0.16.jar;C:\Users\Vitaliy\.m2\repository\com\codeborne\selenide-core\7.5.1\selenide-core-7.5.1.jar;C:\Users\Vitaliy\.m2\repository\org\opentest4j\opentest4j\1.3.0\opentest4j-1.3.0.jar;C:\Users\Vitaliy\.m2\repository\com\google\guava\guava\33.3.0-jre\guava-33.3.0-jre.jar;C:\Users\Vitaliy\.m2\repository\com\google\guava\failureaccess\1.0.2\failureaccess-1.0.2.jar;C:\Users\Vitaliy\.m2\repository\com\google\guava\listenablefuture\9999.0-empty-to-avoid-conflict-with-guava\listenablefuture-9999.0-empty-to-avoid-conflict-with-guava.jar;C:\Users\Vitaliy\.m2\repository\com\google\code\findbugs\jsr305\3.0.2\jsr305-3.0.2.jar;C:\Users\Vitaliy\.m2\repository\org\checkerframework\checker-qual\3.43.0\checker-qual-3.43.0.jar;C:\Users\Vitaliy\.m2\repository\com\google\errorprone\error_prone_annotations\2.28.0\error_prone_annotations-2.28.0.jar;C:\Users\Vitaliy\.m2\repository\com\google\j2objc\j2objc-annotations\3.0.0\j2objc-annotations-3.0.0.jar;C:\Users\Vitaliy\.m2\repository\org\apache\commons\commons-lang3\3.17.0\commons-lang3-3.17.0.jar;C:\Users\Vitaliy\.m2\repository\commons-io\commons-io\2.17.0\commons-io-2.17.0.jar;C:\Users\Vitaliy\.m2\repository\org\junit\jupiter\junit-jupiter\5.11.0\junit-jupiter-5.11.0.jar;C:\Users\Vitaliy\.m2\repository\org\junit\jupiter\junit-jupiter-api\5.11.0\junit-jupiter-api-5.11.0.jar;C:\Users\Vitaliy\.m2\repository\org\junit\platform\junit-platform-commons\1.11.0\junit-platform-commons-1.11.0.jar;C:\Users\Vitaliy\.m2\repository\org\apiguardian\apiguardian-api\1.1.2\apiguardian-api-1.1.2.jar;C:\Users\Vitaliy\.m2\repository\org\junit\jupiter\junit-jupiter-params\5.11.0\junit-jupiter-params-5.11.0.jar;C:\Users\Vitaliy\.m2\repository\org\junit\jupiter\junit-jupiter-engine\5.11.0\junit-jupiter-engine-5.11.0.jar;C:\Users\Vitaliy\.m2\repository\org\junit\platform\junit-platform-engine\1.11.0\junit-platform-engine-1.11.0.jar;C:\Users\Vitaliy\.m2\repository\io\qameta\allure\allure-junit5\2.29.0\allure-junit5-2.29.0.jar;C:\Users\Vitaliy\.m2\repository\io\qameta\allure\allure-junit-platform\2.29.0\allure-junit-platform-2.29.0.jar;C:\Users\Vitaliy\.m2\repository\io\qameta\allure\allure-java-commons\2.29.0\allure-java-commons-2.29.0.jar;C:\Users\Vitaliy\.m2\repository\io\qameta\allure\allure-model\2.29.0\allure-model-2.29.0.jar;C:\Users\Vitaliy\.m2\repository\org\junit\platform\junit-platform-launcher\1.10.3\junit-platform-launcher-1.10.3.jar;C:\Users\Vitaliy\.m2\repository\io\qameta\allure\allure-test-filter\2.29.0\allure-test-filter-2.29.0.jar;C:\Users\Vitaliy\.m2\repository\io\github\bonigarcia\webdrivermanager\5.9.2\webdrivermanager-5.9.2.jar;C:\Users\Vitaliy\.m2\repository\com\google\code\gson\gson\2.11.0\gson-2.11.0.jar;C:\Users\Vitaliy\.m2\repository\com\github\docker-java\docker-java\3.4.0\docker-java-3.4.0.jar;C:\Users\Vitaliy\.m2\repository\com\github\docker-java\docker-java-core\3.4.0\docker-java-core-3.4.0.jar;C:\Users\Vitaliy\.m2\repository\com\github\docker-java\docker-java-api\3.4.0\docker-java-api-3.4.0.jar;C:\Users\Vitaliy\.m2\repository\com\fasterxml\jackson\core\jackson-annotations\2.10.3\jackson-annotations-2.10.3.jar;C:\Users\Vitaliy\.m2\repository\com\fasterxml\jackson\core\jackson-databind\2.10.3\jackson-databind-2.10.3.jar;C:\Users\Vitaliy\.m2\repository\com\fasterxml\jackson\core\jackson-core\2.10.3\jackson-core-2.10.3.jar;C:\Users\Vitaliy\.m2\repository\org\slf4j\jcl-over-slf4j\1.7.30\jcl-over-slf4j-1.7.30.jar;C:\Users\Vitaliy\.m2\repository\com\github\docker-java\docker-java-transport-httpclient5\3.4.0\docker-java-transport-httpclient5-3.4.0.jar;C:\Users\Vitaliy\.m2\repository\com\github\docker-java\docker-java-transport\3.4.0\docker-java-transport-3.4.0.jar;C:\Users\Vitaliy\.m2\repository\net\java\dev\jna\jna\5.13.0\jna-5.13.0.jar;C:\Users\Vitaliy\.m2\repository\org\brotli\dec\0.1.2\dec-0.1.2.jar;C:\Users\Vitaliy\.m2\repository\org\apache\commons\commons-compress\1.26.2\commons-compress-1.26.2.jar;C:\Users\Vitaliy\.m2\repository\commons-codec\commons-codec\1.17.0\commons-codec-1.17.0.jar;C:\Users\Vitaliy\.m2\repository\org\apache\httpcomponents\client5\httpclient5\5.2.1\httpclient5-5.2.1.jar;C:\Users\Vitaliy\.m2\repository\org\apache\httpcomponents\core5\httpcore5\5.2\httpcore5-5.2.jar;C:\Users\Vitaliy\.m2\repository\org\apache\httpcomponents\core5\httpcore5-h2\5.2\httpcore5-h2-5.2.jar;C:\Users\Vitaliy\.m2\repository\org\slf4j\slf4j-simple\1.7.36\slf4j-simple-1.7.36.jar
Launcher Type: SUN_STANDARD

[Global flags]
     intx CICompilerCount                          = 4                                         {product} {ergonomic}
     uint ConcGCThreads                            = 2                                         {product} {ergonomic}
     uint G1ConcRefinementThreads                  = 8                                         {product} {ergonomic}
   size_t G1HeapRegionSize                         = 2097152                                   {product} {ergonomic}
   size_t InitialHeapSize                          = 268435456                                 {product} {ergonomic}
   size_t MarkStackSize                            = 4194304                                   {product} {ergonomic}
   size_t MaxHeapSize                              = 4273995776                                {product} {ergonomic}
   size_t MaxNewSize                               = 2562719744                                {product} {ergonomic}
   size_t MinHeapDeltaBytes                        = 2097152                                   {product} {ergonomic}
   size_t MinHeapSize                              = 8388608                                   {product} {ergonomic}
    uintx NonNMethodCodeHeapSize                   = 5839372                                {pd product} {ergonomic}
    uintx NonProfiledCodeHeapSize                  = 122909434                              {pd product} {ergonomic}
    uintx ProfiledCodeHeapSize                     = 122909434                              {pd product} {ergonomic}
    uintx ReservedCodeCacheSize                    = 251658240                              {pd product} {ergonomic}
     bool SegmentedCodeCache                       = true                                      {product} {ergonomic}
   size_t SoftMaxHeapSize                          = 4273995776                             {manageable} {ergonomic}
     bool UseCompressedOops                        = true                           {product lp64_product} {ergonomic}
     bool UseG1GC                                  = true                                      {product} {ergonomic}
     bool UseLargePagesIndividualAllocation        = false                                  {pd product} {ergonomic}

Logging:
Log output configuration:
 #0: stdout all=warning uptime,level,tags foldmultilines=false
 #1: stderr all=off uptime,level,tags foldmultilines=false

Environment Variables:
PATH=C:\Windows\system32;C:\Windows;C:\Windows\System32\Wbem;C:\Windows\System32\WindowsPowerShell\v1.0\;C:\Windows\System32\OpenSSH\;C:\Program Files\Git\cmd;C:\Program Files\Docker\Docker\resources\bin;C:\Users\Vitaliy\AppData\Local\Microsoft\WindowsApps;;C:\Users\Vitaliy\IntelliJ IDEA Community Edition 2024.2.1\bin;;C:\Users\Vitaliy\AppData\Local\Programs\Fiddler
USERNAME=Vitaliy
OS=Windows_NT
PROCESSOR_IDENTIFIER=Intel64 Family 6 Model 94 Stepping 3, GenuineIntel
TMP=C:\Users\Vitaliy\AppData\Local\Temp
TEMP=C:\Users\Vitaliy\AppData\Local\Temp




Periodic native trim disabled

---------------  S Y S T E M  ---------------

OS:
 Windows 11 , 64 bit Build 22621 (10.0.22621.3958)
OS uptime: 20 days 23:19 hours
Hyper-V role detected

CPU: total 8 (initial active 8) (4 cores per cpu, 2 threads per core) family 6 model 94 stepping 3 microcode 0xd6, cx8, cmov, fxsr, ht, mmx, 3dnowpref, sse, sse2, sse3, ssse3, sse4.1, sse4.2, popcnt, lzcnt, tsc, tscinvbit, avx, avx2, aes, erms, clmul, bmi1, bmi2, rtm, adx, fma, vzeroupper, clflush, clflushopt, hv, rdtscp, f16c
Processor Information for all 8 processors :
  Max Mhz: 3501, Current Mhz: 3501, Mhz Limit: 3501

Memory: 4k page, system-wide physical 16300M (901M free)
TotalPageFile size 46005M (AvailPageFile size 207M)
current process WorkingSet (physical memory assigned to process): 149M, peak: 184M
current process commit charge ("private bytes"): 215M, peak: 420M

vm_info: OpenJDK 64-Bit Server VM (22.0.2+9-70) for windows-amd64 JRE (22.0.2+9-70), built on 2024-06-04T16:52:23Z by "mach5one" with MS VC++ 17.6 (VS2022)

END.
